{"meta": {"format": 3, "version": "7.13.4", "timestamp": "2026-03-21T11:13:58.779338", "branch_coverage": true, "show_contexts": false}, "files": {"src/open_orchestrator/__init__.py": {"executed_lines": [8, 10, 12], "summary": {"covered_lines": 3, "num_statements": 3, "percent_covered": 100.0, "percent_covered_display": "100.00", "missing_lines": 0, "excluded_lines": 0, "percent_statements_covered": 100.0, "percent_statements_covered_display": "100.00", "num_branches": 0, "num_partial_branches": 0, "covered_branches": 0, "missing_branches": 0, "percent_branches_covered": 100.0, "percent_branches_covered_display": "100.00"}, "missing_lines": [], "excluded_lines": [], "executed_branches": [], "missing_branches": [], "functions": {"": {"executed_lines": [8, 10, 12], "summary": {"covered_lines": 3, "num_statements": 3, "percent_covered": 100.0, "percent_covered_display": "100.00", "missing_lines": 0, "excluded_lines": 0, "percent_statements_covered": 100.0, "percent_statements_covered_display": "100.00", "num_branches": 0, "num_partial_branches": 0, "covered_branches": 0, "missing_branches": 0, "percent_branches_covered": 100.0, "percent_branches_covered_display": "100.00"}, "missing_lines": [], "excluded_lines": [], "start_line": 1, "executed_branches": [], "missing_branches": []}}, "classes": {"": {"executed_lines": [8, 10, 12], "summary": {"covered_lines": 3, "num_statements": 3, "percent_covered": 100.0, "percent_covered_display": "100.00", "missing_lines": 0, "excluded_lines": 0, "percent_statements_covered": 100.0, "percent_statements_covered_display": "100.00", "num_branches": 0, "num_partial_branches": 0, "covered_branches": 0, "missing_branches": 0, "percent_branches_covered": 100.0, "percent_branches_covered_display": "100.00"}, "missing_lines": [], "excluded_lines": [], "start_line": 1, "executed_branches": [], "missing_branches": []}}}, "src/open_orchestrator/__version__.py": {"executed_lines": [], "summary": {"covered_lines": 0, "num_statements": 1, "percent_covered": 0.0, "percent_covered_display": "0.00", "missing_lines": 1, "excluded_lines": 0, "percent_statements_covered": 0.0, "percent_statements_covered_display": "0.00", "num_branches": 0, "num_partial_branches": 0, "covered_branches": 0, "missing_branches": 0, "percent_branches_covered": 100.0, "percent_branches_covered_display": "100.00"}, "missing_lines": [3], "excluded_lines": [], "executed_branches": [], "missing_branches": [], "functions": {"": {"executed_lines": [], "summary": {"covered_lines": 0, "num_statements": 1, "percent_covered": 0.0, "percent_covered_display": "0.00", "missing_lines": 1, "excluded_lines": 0, "percent_statements_covered": 0.0, "percent_statements_covered_display": "0.00", "num_branches": 0, "num_partial_branches": 0, "covered_branches": 0, "missing_branches": 0, "percent_branches_covered": 100.0, "percent_branches_covered_display": "100.00"}, "missing_lines": [3], "excluded_lines": [], "start_line": 1, "executed_branches": [], "missing_branches": []}}, "classes": {"": {"executed_lines": [], "summary": {"covered_lines": 0, "num_statements": 1, "percent_covered": 0.0, "percent_covered_display": "0.00", "missing_lines": 1, "excluded_lines": 0, "percent_statements_covered": 0.0, "percent_statements_covered_display": "0.00", "num_branches": 0, "num_partial_branches": 0, "covered_branches": 0, "missing_branches": 0, "percent_branches_covered": 100.0, "percent_branches_covered_display": "100.00"}, "missing_lines": [3], "excluded_lines": [], "start_line": 1, "executed_branches": [], "missing_branches": []}}}, "src/open_orchestrator/cli.py": {"executed_lines": [2, 4, 5, 6, 7, 8, 13, 14, 15, 17, 18, 19, 20, 21, 26, 33, 35, 38, 47, 63, 65, 66, 67, 68, 71, 72, 73, 78, 79, 81, 86, 87, 88, 89, 90, 96, 97, 98, 99, 100, 101, 102, 302, 303, 304, 309, 310, 312, 313, 315, 316, 317, 319, 320, 322, 323, 324, 325, 326, 327, 329, 330, 331, 332, 333, 335, 350, 351, 354, 355, 357, 362, 363, 364, 370, 371, 372, 373, 374, 376, 377, 379, 380, 390, 391, 392, 393, 394, 395, 396, 407, 408, 409, 411, 429, 432, 433, 434, 435, 436, 438, 440, 441, 443, 444, 445, 449, 450, 457, 458, 459, 460, 461, 462, 549, 550, 551, 552, 553, 554, 713, 714, 715, 716, 717, 723, 724, 725, 726, 727, 729, 732, 740, 742, 750, 751, 753, 755, 757, 762, 763, 764, 765, 766, 825, 826, 827, 828, 829, 869, 870, 871, 872, 873, 874, 922, 923, 924, 925, 926, 927, 928, 929, 930, 931, 937, 1091, 1092, 1093, 1094, 1095, 1096, 1150, 1151, 1152, 1153, 1154, 1155, 1156, 1157, 1266, 1267, 1268, 1269, 1270, 1346, 1347, 1348, 1349, 1388, 1389, 1390, 1391, 1419, 1420, 1422, 1423, 1425, 1428], "summary": {"covered_lines": 199, "num_statements": 827, "percent_covered": 20.0, "percent_covered_display": "20.00", "missing_lines": 628, "excluded_lines": 2, "percent_statements_covered": 24.062877871825876, "percent_statements_covered_display": "24.06", "num_branches": 258, "num_partial_branches": 10, "covered_branches": 18, "missing_branches": 240, "percent_branches_covered": 6.976744186046512, "percent_branches_covered_display": "6.98"}, "missing_lines": [40, 41, 42, 43, 44, 49, 51, 52, 53, 54, 55, 56, 58, 59, 60, 125, 126, 128, 131, 132, 133, 134, 136, 139, 140, 142, 143, 144, 145, 146, 147, 150, 152, 153, 154, 155, 156, 157, 158, 159, 160, 161, 162, 163, 166, 167, 168, 169, 170, 173, 174, 175, 177, 178, 179, 180, 181, 182, 183, 184, 185, 188, 189, 190, 191, 192, 193, 195, 196, 197, 198, 199, 200, 202, 205, 206, 207, 208, 209, 210, 211, 213, 216, 217, 218, 219, 220, 226, 227, 228, 231, 233, 234, 235, 238, 239, 240, 241, 242, 243, 249, 250, 251, 252, 253, 254, 255, 257, 259, 262, 263, 264, 271, 272, 275, 276, 277, 278, 279, 280, 281, 282, 283, 286, 287, 288, 289, 290, 293, 294, 295, 297, 336, 337, 338, 339, 340, 341, 342, 343, 344, 346, 347, 348, 352, 382, 383, 385, 413, 414, 415, 417, 418, 419, 420, 421, 422, 423, 424, 425, 426, 427, 430, 446, 447, 451, 452, 468, 470, 471, 472, 473, 475, 476, 477, 478, 479, 481, 482, 483, 484, 485, 486, 488, 491, 492, 493, 494, 495, 496, 497, 499, 500, 501, 502, 503, 504, 505, 506, 508, 509, 510, 515, 516, 517, 518, 519, 520, 521, 522, 524, 525, 526, 527, 532, 533, 536, 542, 544, 566, 568, 570, 571, 572, 573, 574, 576, 577, 579, 580, 581, 582, 584, 585, 586, 587, 588, 589, 592, 594, 595, 596, 597, 599, 600, 601, 602, 603, 604, 605, 608, 609, 610, 611, 612, 613, 616, 617, 618, 619, 620, 622, 623, 624, 625, 626, 629, 636, 637, 638, 640, 641, 643, 644, 645, 646, 647, 648, 649, 650, 651, 652, 653, 654, 655, 656, 657, 660, 662, 668, 669, 671, 672, 675, 676, 677, 682, 683, 684, 685, 686, 687, 688, 689, 691, 692, 696, 697, 700, 708, 730, 733, 734, 735, 736, 737, 738, 754, 756, 773, 774, 776, 777, 783, 784, 786, 787, 788, 789, 790, 792, 793, 795, 799, 800, 801, 802, 803, 804, 806, 807, 808, 809, 810, 811, 812, 814, 815, 816, 818, 820, 835, 837, 838, 842, 843, 844, 846, 847, 849, 850, 851, 853, 854, 855, 857, 858, 859, 860, 861, 863, 864, 885, 886, 887, 888, 890, 891, 892, 893, 894, 896, 897, 898, 905, 906, 907, 908, 910, 911, 913, 914, 916, 917, 959, 964, 965, 968, 969, 971, 972, 973, 974, 977, 978, 979, 985, 986, 987, 988, 989, 992, 993, 994, 996, 997, 998, 1001, 1002, 1003, 1005, 1006, 1008, 1009, 1012, 1013, 1014, 1017, 1021, 1022, 1023, 1024, 1025, 1026, 1028, 1029, 1030, 1032, 1040, 1041, 1042, 1043, 1044, 1045, 1047, 1048, 1049, 1050, 1051, 1055, 1056, 1057, 1058, 1059, 1062, 1063, 1065, 1066, 1067, 1068, 1071, 1072, 1076, 1080, 1081, 1083, 1116, 1118, 1119, 1120, 1121, 1122, 1124, 1126, 1127, 1129, 1131, 1132, 1133, 1134, 1135, 1137, 1138, 1143, 1145, 1176, 1178, 1179, 1181, 1182, 1183, 1184, 1185, 1186, 1187, 1188, 1189, 1190, 1191, 1192, 1193, 1196, 1197, 1198, 1199, 1201, 1202, 1203, 1204, 1205, 1206, 1207, 1208, 1210, 1211, 1212, 1213, 1214, 1215, 1216, 1217, 1218, 1219, 1220, 1222, 1223, 1224, 1225, 1226, 1227, 1229, 1230, 1237, 1238, 1239, 1241, 1243, 1244, 1245, 1246, 1247, 1248, 1250, 1251, 1252, 1253, 1254, 1258, 1259, 1260, 1261, 1281, 1283, 1284, 1285, 1286, 1288, 1290, 1291, 1292, 1294, 1295, 1296, 1297, 1298, 1300, 1301, 1302, 1304, 1306, 1307, 1308, 1309, 1310, 1312, 1314, 1315, 1316, 1317, 1322, 1324, 1325, 1326, 1327, 1328, 1329, 1330, 1331, 1332, 1334, 1335, 1336, 1337, 1338, 1339, 1340, 1341, 1360, 1362, 1363, 1365, 1366, 1367, 1368, 1370, 1371, 1374, 1375, 1376, 1377, 1378, 1379, 1380, 1381, 1383, 1398, 1400, 1406, 1407, 1408, 1409, 1410, 1411, 1412, 1413, 1414, 1426, 1427], "excluded_lines": [10, 11], "executed_branches": [[78, -71], [78, 79], [312, 313], [315, 316], [315, 319], [329, 330], [329, 357], [335, 350], [351, 354], [379, 380], [411, 429], [429, 432], [440, 441], [440, 443], [729, 732], [732, 740], [753, 755], [755, 757]], "missing_branches": [[41, 42], [41, 43], [55, -47], [55, 56], [131, 132], [131, 133], [133, 134], [133, 136], [139, 140], [139, 142], [142, 143], [142, 144], [156, 157], [156, 166], [158, 156], [158, 159], [166, 167], [166, 173], [169, 170], [169, 173], [174, 175], [174, 188], [178, 179], [178, 188], [180, 181], [180, 182], [182, 183], [182, 184], [184, 185], [184, 188], [188, 189], [188, 202], [190, 191], [190, 192], [192, 193], [192, 195], [197, 198], [197, 199], [218, 219], [218, 231], [234, 235], [234, 238], [241, 242], [241, 259], [275, 276], [275, 286], [286, 287], [286, 293], [293, -86], [293, 294], [294, 295], [294, 297], [312, 315], [335, 336], [337, 338], [337, 339], [339, 340], [339, 341], [341, 342], [341, 343], [343, 344], [343, 346], [351, 352], [379, 382], [382, 383], [382, 385], [411, 413], [414, 415], [414, 417], [418, 419], [418, 426], [419, 418], [419, 420], [429, 430], [482, 483], [482, 488], [492, 493], [492, 499], [494, 495], [494, 496], [496, 497], [496, 499], [499, 500], [499, 508], [504, 505], [504, 508], [517, 518], [517, 519], [524, 525], [524, 526], [526, 527], [526, 544], [532, -457], [532, 533], [576, 577], [576, 579], [585, 586], [585, 592], [594, 595], [594, 608], [596, 597], [596, 599], [603, 604], [603, 608], [608, 609], [608, 616], [616, 617], [616, 660], [618, 619], [618, 660], [623, 624], [623, 660], [640, 641], [640, 643], [645, 646], [645, 647], [647, 648], [647, 651], [649, 650], [649, 651], [651, 652], [651, 660], [668, 669], [668, 671], [671, 672], [671, 675], [684, 685], [684, 686], [691, 692], [691, 696], [696, 697], [696, 700], [729, 730], [732, 733], [736, 737], [736, 740], [753, 754], [755, 756], [786, 787], [786, 808], [792, 793], [792, 795], [799, -762], [799, 800], [801, 802], [801, 803], [803, 804], [803, 806], [808, 809], [808, 820], [815, 816], [815, 818], [849, 850], [849, 853], [853, 854], [853, 857], [858, 859], [858, 860], [860, 861], [860, 863], [863, -825], [863, 864], [890, 891], [890, 916], [893, 894], [893, 896], [896, 897], [896, 910], [897, 898], [897, 905], [906, 907], [906, 908], [910, 911], [910, 913], [968, 969], [968, 977], [972, 973], [972, 974], [996, 997], [996, 1001], [1001, 1002], [1001, 1012], [1012, 1013], [1012, 1062], [1022, 1023], [1022, 1028], [1042, 1043], [1042, 1044], [1055, 1056], [1055, 1059], [1062, 1063], [1062, 1083], [1066, 1067], [1066, 1068], [1119, 1120], [1119, 1121], [1121, 1122], [1121, 1124], [1137, 1138], [1137, 1145], [1181, 1182], [1181, 1201], [1183, 1184], [1183, 1186], [1192, 1193], [1192, 1197], [1201, 1202], [1201, 1210], [1210, 1211], [1210, 1217], [1217, 1218], [1217, 1241], [1218, 1219], [1218, 1229], [1245, 1246], [1245, 1247], [1258, -1150], [1258, 1259], [1290, 1291], [1290, 1294], [1300, 1301], [1300, 1304], [1306, -1266], [1306, 1307], [1307, 1308], [1307, 1312], [1308, 1309], [1308, 1312], [1314, -1266], [1314, 1315], [1322, 1324], [1322, 1334], [1327, 1328], [1327, 1331], [1365, 1366], [1365, 1370], [1376, 1377], [1376, 1383], [1409, -1388], [1409, 1410]], "functions": {"_print_batch_status": {"executed_lines": [], "summary": {"covered_lines": 0, "num_statements": 5, "percent_covered": 0.0, "percent_covered_display": "0.00", "missing_lines": 5, "excluded_lines": 0, "percent_statements_covered": 0.0, "percent_statements_covered_display": "0.00", "num_branches": 2, "num_partial_branches": 0, "covered_branches": 0, "missing_branches": 2, "percent_branches_covered": 0.0, "percent_branches_covered_display": "0.00"}, "missing_lines": [40, 41, 42, 43, 44], "excluded_lines": [], "start_line": 38, "executed_branches": [], "missing_branches": [[41, 42], [41, 43]]}, "_print_batch_results": {"executed_lines": [], "summary": {"covered_lines": 0, "num_statements": 10, "percent_covered": 0.0, "percent_covered_display": "0.00", "missing_lines": 10, "excluded_lines": 0, "percent_statements_covered": 0.0, "percent_statements_covered_display": "0.00", "num_branches": 2, "num_partial_branches": 0, "covered_branches": 0, "missing_branches": 2, "percent_branches_covered": 0.0, "percent_branches_covered_display": "0.00"}, "missing_lines": [49, 51, 52, 53, 54, 55, 56, 58, 59, 60], "excluded_lines": [], "start_line": 47, "executed_branches": [], "missing_branches": [[55, -47], [55, 56]]}, "get_worktree_manager": {"executed_lines": [65, 66, 67, 68], "summary": {"covered_lines": 4, "num_statements": 4, "percent_covered": 100.0, "percent_covered_display": "100.00", "missing_lines": 0, "excluded_lines": 0, "percent_statements_covered": 100.0, "percent_statements_covered_display": "100.00", "num_branches": 0, "num_partial_branches": 0, "covered_branches": 0, "missing_branches": 0, "percent_branches_covered": 100.0, "percent_branches_covered_display": "100.00"}, "missing_lines": [], "excluded_lines": [], "start_line": 63, "executed_branches": [], "missing_branches": []}, "main": {"executed_lines": [78, 79, 81], "summary": {"covered_lines": 3, "num_statements": 3, "percent_covered": 100.0, "percent_covered_display": "100.00", "missing_lines": 0, "excluded_lines": 0, "percent_statements_covered": 100.0, "percent_statements_covered_display": "100.00", "num_branches": 2, "num_partial_branches": 0, "covered_branches": 2, "missing_branches": 0, "percent_branches_covered": 100.0, "percent_branches_covered_display": "100.00"}, "missing_lines": [], "excluded_lines": [], "start_line": 73, "executed_branches": [[78, -71], [78, 79]], "missing_branches": []}, "new_worktree": {"executed_lines": [], "summary": {"covered_lines": 0, "num_statements": 117, "percent_covered": 0.0, "percent_covered_display": "0.00", "missing_lines": 117, "excluded_lines": 0, "percent_statements_covered": 0.0, "percent_statements_covered_display": "0.00", "num_branches": 48, "num_partial_branches": 0, "covered_branches": 0, "missing_branches": 48, "percent_branches_covered": 0.0, "percent_branches_covered_display": "0.00"}, "missing_lines": [125, 126, 128, 131, 132, 133, 134, 136, 139, 140, 142, 143, 144, 145, 146, 147, 150, 152, 153, 154, 155, 156, 157, 158, 159, 160, 161, 162, 163, 166, 167, 168, 169, 170, 173, 174, 175, 177, 178, 179, 180, 181, 182, 183, 184, 185, 188, 189, 190, 191, 192, 193, 195, 196, 197, 198, 199, 200, 202, 205, 206, 207, 208, 209, 210, 211, 213, 216, 217, 218, 219, 220, 226, 227, 228, 231, 233, 234, 235, 238, 239, 240, 241, 242, 243, 249, 250, 251, 252, 253, 254, 255, 257, 259, 262, 263, 264, 271, 272, 275, 276, 277, 278, 279, 280, 281, 282, 283, 286, 287, 288, 289, 290, 293, 294, 295, 297], "excluded_lines": [], "start_line": 102, "executed_branches": [], "missing_branches": [[131, 132], [131, 133], [133, 134], [133, 136], [139, 140], [139, 142], [142, 143], [142, 144], [156, 157], [156, 166], [158, 156], [158, 159], [166, 167], [166, 173], [169, 170], [169, 173], [174, 175], [174, 188], [178, 179], [178, 188], [180, 181], [180, 182], [182, 183], [182, 184], [184, 185], [184, 188], [188, 189], [188, 202], [190, 191], [190, 192], [192, 193], [192, 195], [197, 198], [197, 199], [218, 219], [218, 231], [234, 235], [234, 238], [241, 242], [241, 259], [275, 276], [275, 286], [286, 287], [286, 293], [293, -86], [293, 294], [294, 295], [294, 297]]}, "list_worktrees": {"executed_lines": [309, 310, 312, 313, 315, 316, 317, 319, 320, 322, 323, 324, 325, 326, 327, 329, 330, 331, 332, 333, 335, 350, 351, 354, 355, 357], "summary": {"covered_lines": 26, "num_statements": 39, "percent_covered": 57.89473684210526, "percent_covered_display": "57.89", "missing_lines": 13, "excluded_lines": 0, "percent_statements_covered": 66.66666666666667, "percent_statements_covered_display": "66.67", "num_branches": 18, "num_partial_branches": 3, "covered_branches": 7, "missing_branches": 11, "percent_branches_covered": 38.888888888888886, "percent_branches_covered_display": "38.89"}, "missing_lines": [336, 337, 338, 339, 340, 341, 342, 343, 344, 346, 347, 348, 352], "excluded_lines": [], "start_line": 304, "executed_branches": [[312, 313], [315, 316], [315, 319], [329, 330], [329, 357], [335, 350], [351, 354]], "missing_branches": [[312, 315], [335, 336], [337, 338], [337, 339], [339, 340], [339, 341], [341, 342], [341, 343], [343, 344], [343, 346], [351, 352]]}, "switch_worktree": {"executed_lines": [370, 371, 372, 373, 374, 376, 377, 379, 380], "summary": {"covered_lines": 9, "num_statements": 12, "percent_covered": 62.5, "percent_covered_display": "62.50", "missing_lines": 3, "excluded_lines": 0, "percent_statements_covered": 75.0, "percent_statements_covered_display": "75.00", "num_branches": 4, "num_partial_branches": 1, "covered_branches": 1, "missing_branches": 3, "percent_branches_covered": 25.0, "percent_branches_covered_display": "25.00"}, "missing_lines": [382, 383, 385], "excluded_lines": [], "start_line": 364, "executed_branches": [[379, 380]], "missing_branches": [[379, 382], [382, 383], [382, 385]]}, "send_to_worktree": {"executed_lines": [407, 408, 409, 411, 429, 432, 433, 434, 435, 436, 438, 440, 441, 443, 444, 445, 449, 450], "summary": {"covered_lines": 18, "num_statements": 37, "percent_covered": 44.89795918367347, "percent_covered_display": "44.90", "missing_lines": 19, "excluded_lines": 0, "percent_statements_covered": 48.648648648648646, "percent_statements_covered_display": "48.65", "num_branches": 12, "num_partial_branches": 2, "covered_branches": 4, "missing_branches": 8, "percent_branches_covered": 33.333333333333336, "percent_branches_covered_display": "33.33"}, "missing_lines": [413, 414, 415, 417, 418, 419, 420, 421, 422, 423, 424, 425, 426, 427, 430, 446, 447, 451, 452], "excluded_lines": [], "start_line": 396, "executed_branches": [[411, 429], [429, 432], [440, 441], [440, 443]], "missing_branches": [[411, 413], [414, 415], [414, 417], [418, 419], [418, 426], [419, 418], [419, 420], [429, 430]]}, "merge_worktree": {"executed_lines": [], "summary": {"covered_lines": 0, "num_statements": 52, "percent_covered": 0.0, "percent_covered_display": "0.00", "missing_lines": 52, "excluded_lines": 0, "percent_statements_covered": 0.0, "percent_statements_covered_display": "0.00", "num_branches": 20, "num_partial_branches": 0, "covered_branches": 0, "missing_branches": 20, "percent_branches_covered": 0.0, "percent_branches_covered_display": "0.00"}, "missing_lines": [468, 470, 471, 472, 473, 475, 476, 477, 478, 479, 481, 482, 483, 484, 485, 486, 488, 491, 492, 493, 494, 495, 496, 497, 499, 500, 501, 502, 503, 504, 505, 506, 508, 509, 510, 515, 516, 517, 518, 519, 520, 521, 522, 524, 525, 526, 527, 532, 533, 536, 542, 544], "excluded_lines": [], "start_line": 462, "executed_branches": [], "missing_branches": [[482, 483], [482, 488], [492, 493], [492, 499], [494, 495], [494, 496], [496, 497], [496, 499], [499, 500], [499, 508], [504, 505], [504, 508], [517, 518], [517, 519], [524, 525], [524, 526], [526, 527], [526, 544], [532, -457], [532, 533]]}, "ship_worktree": {"executed_lines": [], "summary": {"covered_lines": 0, "num_statements": 91, "percent_covered": 0.0, "percent_covered_display": "0.00", "missing_lines": 91, "excluded_lines": 0, "percent_statements_covered": 0.0, "percent_statements_covered_display": "0.00", "num_branches": 38, "num_partial_branches": 0, "covered_branches": 0, "missing_branches": 38, "percent_branches_covered": 0.0, "percent_branches_covered_display": "0.00"}, "missing_lines": [566, 568, 570, 571, 572, 573, 574, 576, 577, 579, 580, 581, 582, 584, 585, 586, 587, 588, 589, 592, 594, 595, 596, 597, 599, 600, 601, 602, 603, 604, 605, 608, 609, 610, 611, 612, 613, 616, 617, 618, 619, 620, 622, 623, 624, 625, 626, 629, 636, 637, 638, 640, 641, 643, 644, 645, 646, 647, 648, 649, 650, 651, 652, 653, 654, 655, 656, 657, 660, 662, 668, 669, 671, 672, 675, 676, 677, 682, 683, 684, 685, 686, 687, 688, 689, 691, 692, 696, 697, 700, 708], "excluded_lines": [], "start_line": 554, "executed_branches": [], "missing_branches": [[576, 577], [576, 579], [585, 586], [585, 592], [594, 595], [594, 608], [596, 597], [596, 599], [603, 604], [603, 608], [608, 609], [608, 616], [616, 617], [616, 660], [618, 619], [618, 660], [623, 624], [623, 660], [640, 641], [640, 643], [645, 646], [645, 647], [647, 648], [647, 651], [649, 650], [649, 651], [651, 652], [651, 660], [668, 669], [668, 671], [671, 672], [671, 675], [684, 685], [684, 686], [691, 692], [691, 696], [696, 697], [696, 700]]}, "delete_worktree": {"executed_lines": [723, 724, 725, 726, 727, 729, 732, 740, 742, 750, 751, 753, 755, 757], "summary": {"covered_lines": 14, "num_statements": 23, "percent_covered": 54.54545454545455, "percent_covered_display": "54.55", "missing_lines": 9, "excluded_lines": 0, "percent_statements_covered": 60.869565217391305, "percent_statements_covered_display": "60.87", "num_branches": 10, "num_partial_branches": 4, "covered_branches": 4, "missing_branches": 6, "percent_branches_covered": 40.0, "percent_branches_covered_display": "40.00"}, "missing_lines": [730, 733, 734, 735, 736, 737, 738, 754, 756], "excluded_lines": [], "start_line": 717, "executed_branches": [[729, 732], [732, 740], [753, 755], [755, 757]], "missing_branches": [[729, 730], [732, 733], [736, 737], [736, 740], [753, 754], [755, 756]]}, "sync_worktrees": {"executed_lines": [], "summary": {"covered_lines": 0, "num_statements": 32, "percent_covered": 0.0, "percent_covered_display": "0.00", "missing_lines": 32, "excluded_lines": 0, "percent_statements_covered": 0.0, "percent_statements_covered_display": "0.00", "num_branches": 14, "num_partial_branches": 0, "covered_branches": 0, "missing_branches": 14, "percent_branches_covered": 0.0, "percent_branches_covered_display": "0.00"}, "missing_lines": [773, 774, 776, 777, 783, 784, 786, 787, 788, 789, 790, 792, 793, 795, 799, 800, 801, 802, 803, 804, 806, 807, 808, 809, 810, 811, 812, 814, 815, 816, 818, 820], "excluded_lines": [], "start_line": 766, "executed_branches": [], "missing_branches": [[786, 787], [786, 808], [792, 793], [792, 795], [799, -762], [799, 800], [801, 802], [801, 803], [803, 804], [803, 806], [808, 809], [808, 820], [815, 816], [815, 818]]}, "cleanup_worktrees": {"executed_lines": [], "summary": {"covered_lines": 0, "num_statements": 21, "percent_covered": 0.0, "percent_covered_display": "0.00", "missing_lines": 21, "excluded_lines": 0, "percent_statements_covered": 0.0, "percent_statements_covered_display": "0.00", "num_branches": 10, "num_partial_branches": 0, "covered_branches": 0, "missing_branches": 10, "percent_branches_covered": 0.0, "percent_branches_covered_display": "0.00"}, "missing_lines": [835, 837, 838, 842, 843, 844, 846, 847, 849, 850, 851, 853, 854, 855, 857, 858, 859, 860, 861, 863, 864], "excluded_lines": [], "start_line": 829, "executed_branches": [], "missing_branches": [[849, 850], [849, 853], [853, 854], [853, 857], [858, 859], [858, 860], [860, 861], [860, 863], [863, -825], [863, 864]]}, "wait_for_worktree": {"executed_lines": [], "summary": {"covered_lines": 0, "num_statements": 22, "percent_covered": 0.0, "percent_covered_display": "0.00", "missing_lines": 22, "excluded_lines": 0, "percent_statements_covered": 0.0, "percent_statements_covered_display": "0.00", "num_branches": 12, "num_partial_branches": 0, "covered_branches": 0, "missing_branches": 12, "percent_branches_covered": 0.0, "percent_branches_covered_display": "0.00"}, "missing_lines": [885, 886, 887, 888, 890, 891, 892, 893, 894, 896, 897, 898, 905, 906, 907, 908, 910, 911, 913, 914, 916, 917], "excluded_lines": [], "start_line": 874, "executed_branches": [], "missing_branches": [[890, 891], [890, 916], [893, 894], [893, 896], [896, 897], [896, 910], [897, 898], [897, 905], [906, 907], [906, 908], [910, 911], [910, 913]]}, "plan_goal": {"executed_lines": [], "summary": {"covered_lines": 0, "num_statements": 67, "percent_covered": 0.0, "percent_covered_display": "0.00", "missing_lines": 67, "excluded_lines": 0, "percent_statements_covered": 0.0, "percent_statements_covered_display": "0.00", "num_branches": 18, "num_partial_branches": 0, "covered_branches": 0, "missing_branches": 18, "percent_branches_covered": 0.0, "percent_branches_covered_display": "0.00"}, "missing_lines": [959, 964, 965, 968, 969, 971, 972, 973, 974, 977, 978, 979, 985, 986, 987, 988, 989, 992, 993, 994, 996, 997, 998, 1001, 1002, 1003, 1005, 1006, 1008, 1009, 1012, 1013, 1014, 1017, 1021, 1022, 1023, 1024, 1025, 1026, 1028, 1029, 1030, 1032, 1040, 1047, 1048, 1049, 1050, 1051, 1055, 1056, 1057, 1058, 1059, 1062, 1063, 1065, 1066, 1067, 1068, 1071, 1072, 1076, 1080, 1081, 1083], "excluded_lines": [], "start_line": 937, "executed_branches": [], "missing_branches": [[968, 969], [968, 977], [972, 973], [972, 974], [996, 997], [996, 1001], [1001, 1002], [1001, 1012], [1012, 1013], [1012, 1062], [1022, 1023], [1022, 1028], [1055, 1056], [1055, 1059], [1062, 1063], [1062, 1083], [1066, 1067], [1066, 1068]]}, "plan_goal._orch_status": {"executed_lines": [], "summary": {"covered_lines": 0, "num_statements": 5, "percent_covered": 0.0, "percent_covered_display": "0.00", "missing_lines": 5, "excluded_lines": 0, "percent_statements_covered": 0.0, "percent_statements_covered_display": "0.00", "num_branches": 2, "num_partial_branches": 0, "covered_branches": 0, "missing_branches": 2, "percent_branches_covered": 0.0, "percent_branches_covered_display": "0.00"}, "missing_lines": [1041, 1042, 1043, 1044, 1045], "excluded_lines": [], "start_line": 1040, "executed_branches": [], "missing_branches": [[1042, 1043], [1042, 1044]]}, "batch_run": {"executed_lines": [], "summary": {"covered_lines": 0, "num_statements": 19, "percent_covered": 0.0, "percent_covered_display": "0.00", "missing_lines": 19, "excluded_lines": 0, "percent_statements_covered": 0.0, "percent_statements_covered_display": "0.00", "num_branches": 6, "num_partial_branches": 0, "covered_branches": 0, "missing_branches": 6, "percent_branches_covered": 0.0, "percent_branches_covered_display": "0.00"}, "missing_lines": [1116, 1118, 1119, 1120, 1121, 1122, 1124, 1126, 1127, 1129, 1131, 1132, 1133, 1134, 1135, 1137, 1138, 1143, 1145], "excluded_lines": [], "start_line": 1096, "executed_branches": [], "missing_branches": [[1119, 1120], [1119, 1121], [1121, 1122], [1121, 1124], [1137, 1138], [1137, 1145]]}, "orchestrate": {"executed_lines": [], "summary": {"covered_lines": 0, "num_statements": 61, "percent_covered": 0.0, "percent_covered_display": "0.00", "missing_lines": 61, "excluded_lines": 0, "percent_statements_covered": 0.0, "percent_statements_covered_display": "0.00", "num_branches": 16, "num_partial_branches": 0, "covered_branches": 0, "missing_branches": 16, "percent_branches_covered": 0.0, "percent_branches_covered_display": "0.00"}, "missing_lines": [1176, 1178, 1179, 1181, 1182, 1183, 1184, 1185, 1186, 1187, 1188, 1189, 1190, 1191, 1192, 1193, 1196, 1197, 1198, 1199, 1201, 1202, 1203, 1204, 1205, 1206, 1207, 1208, 1210, 1211, 1212, 1213, 1214, 1215, 1216, 1217, 1218, 1219, 1220, 1222, 1223, 1224, 1225, 1226, 1227, 1229, 1230, 1237, 1238, 1239, 1241, 1243, 1250, 1251, 1252, 1253, 1254, 1258, 1259, 1260, 1261], "excluded_lines": [], "start_line": 1157, "executed_branches": [], "missing_branches": [[1181, 1182], [1181, 1201], [1183, 1184], [1183, 1186], [1192, 1193], [1192, 1197], [1201, 1202], [1201, 1210], [1210, 1211], [1210, 1217], [1217, 1218], [1217, 1241], [1218, 1219], [1218, 1229], [1258, -1150], [1258, 1259]]}, "orchestrate._orch_status": {"executed_lines": [], "summary": {"covered_lines": 0, "num_statements": 5, "percent_covered": 0.0, "percent_covered_display": "0.00", "missing_lines": 5, "excluded_lines": 0, "percent_statements_covered": 0.0, "percent_statements_covered_display": "0.00", "num_branches": 2, "num_partial_branches": 0, "covered_branches": 0, "missing_branches": 2, "percent_branches_covered": 0.0, "percent_branches_covered_display": "0.00"}, "missing_lines": [1244, 1245, 1246, 1247, 1248], "excluded_lines": [], "start_line": 1243, "executed_branches": [], "missing_branches": [[1245, 1246], [1245, 1247]]}, "merge_queue": {"executed_lines": [], "summary": {"covered_lines": 0, "num_statements": 46, "percent_covered": 0.0, "percent_covered_display": "0.00", "missing_lines": 46, "excluded_lines": 0, "percent_statements_covered": 0.0, "percent_statements_covered_display": "0.00", "num_branches": 16, "num_partial_branches": 0, "covered_branches": 0, "missing_branches": 16, "percent_branches_covered": 0.0, "percent_branches_covered_display": "0.00"}, "missing_lines": [1281, 1283, 1284, 1285, 1286, 1288, 1290, 1291, 1292, 1294, 1295, 1296, 1297, 1298, 1300, 1301, 1302, 1304, 1306, 1307, 1308, 1309, 1310, 1312, 1314, 1315, 1316, 1317, 1322, 1324, 1325, 1326, 1327, 1328, 1329, 1330, 1331, 1332, 1334, 1335, 1336, 1337, 1338, 1339, 1340, 1341], "excluded_lines": [], "start_line": 1270, "executed_branches": [], "missing_branches": [[1290, 1291], [1290, 1294], [1300, 1301], [1300, 1304], [1306, -1266], [1306, 1307], [1307, 1308], [1307, 1312], [1308, 1309], [1308, 1312], [1314, -1266], [1314, 1315], [1322, 1324], [1322, 1334], [1327, 1328], [1327, 1331]]}, "shared_note": {"executed_lines": [], "summary": {"covered_lines": 0, "num_statements": 18, "percent_covered": 0.0, "percent_covered_display": "0.00", "missing_lines": 18, "excluded_lines": 0, "percent_statements_covered": 0.0, "percent_statements_covered_display": "0.00", "num_branches": 4, "num_partial_branches": 0, "covered_branches": 0, "missing_branches": 4, "percent_branches_covered": 0.0, "percent_branches_covered_display": "0.00"}, "missing_lines": [1360, 1362, 1363, 1365, 1366, 1367, 1368, 1370, 1371, 1374, 1375, 1376, 1377, 1378, 1379, 1380, 1381, 1383], "excluded_lines": [], "start_line": 1349, "executed_branches": [], "missing_branches": [[1365, 1366], [1365, 1370], [1376, 1377], [1376, 1383]]}, "hook_event": {"executed_lines": [], "summary": {"covered_lines": 0, "num_statements": 11, "percent_covered": 0.0, "percent_covered_display": "0.00", "missing_lines": 11, "excluded_lines": 0, "percent_statements_covered": 0.0, "percent_statements_covered_display": "0.00", "num_branches": 2, "num_partial_branches": 0, "covered_branches": 0, "missing_branches": 2, "percent_branches_covered": 0.0, "percent_branches_covered_display": "0.00"}, "missing_lines": [1398, 1400, 1406, 1407, 1408, 1409, 1410, 1411, 1412, 1413, 1414], "excluded_lines": [], "start_line": 1391, "executed_branches": [], "missing_branches": [[1409, -1388], [1409, 1410]]}, "version_cmd": {"executed_lines": [1422, 1423, 1425, 1428], "summary": {"covered_lines": 4, "num_statements": 6, "percent_covered": 66.66666666666667, "percent_covered_display": "66.67", "missing_lines": 2, "excluded_lines": 0, "percent_statements_covered": 66.66666666666667, "percent_statements_covered_display": "66.67", "num_branches": 0, "num_partial_branches": 0, "covered_branches": 0, "missing_branches": 0, "percent_branches_covered": 100.0, "percent_branches_covered_display": "100.00"}, "missing_lines": [1426, 1427], "excluded_lines": [], "start_line": 1420, "executed_branches": [], "missing_branches": []}, "": {"executed_lines": [2, 4, 5, 6, 7, 8, 13, 14, 15, 17, 18, 19, 20, 21, 26, 33, 35, 38, 47, 63, 71, 72, 73, 86, 87, 88, 89, 90, 96, 97, 98, 99, 100, 101, 102, 302, 303, 304, 362, 363, 364, 390, 391, 392, 393, 394, 395, 396, 457, 458, 459, 460, 461, 462, 549, 550, 551, 552, 553, 554, 713, 714, 715, 716, 717, 762, 763, 764, 765, 766, 825, 826, 827, 828, 829, 869, 870, 871, 872, 873, 874, 922, 923, 924, 925, 926, 927, 928, 929, 930, 931, 937, 1091, 1092, 1093, 1094, 1095, 1096, 1150, 1151, 1152, 1153, 1154, 1155, 1156, 1157, 1266, 1267, 1268, 1269, 1270, 1346, 1347, 1348, 1349, 1388, 1389, 1390, 1391, 1419, 1420], "summary": {"covered_lines": 121, "num_statements": 121, "percent_covered": 100.0, "percent_covered_display": "100.00", "missing_lines": 0, "excluded_lines": 2, "percent_statements_covered": 100.0, "percent_statements_covered_display": "100.00", "num_branches": 0, "num_partial_branches": 0, "covered_branches": 0, "missing_branches": 0, "percent_branches_covered": 100.0, "percent_branches_covered_display": "100.00"}, "missing_lines": [], "excluded_lines": [10, 11], "start_line": 1, "executed_branches": [], "missing_branches": []}}, "classes": {"": {"executed_lines": [2, 4, 5, 6, 7, 8, 13, 14, 15, 17, 18, 19, 20, 21, 26, 33, 35, 38, 47, 63, 65, 66, 67, 68, 71, 72, 73, 78, 79, 81, 86, 87, 88, 89, 90, 96, 97, 98, 99, 100, 101, 102, 302, 303, 304, 309, 310, 312, 313, 315, 316, 317, 319, 320, 322, 323, 324, 325, 326, 327, 329, 330, 331, 332, 333, 335, 350, 351, 354, 355, 357, 362, 363, 364, 370, 371, 372, 373, 374, 376, 377, 379, 380, 390, 391, 392, 393, 394, 395, 396, 407, 408, 409, 411, 429, 432, 433, 434, 435, 436, 438, 440, 441, 443, 444, 445, 449, 450, 457, 458, 459, 460, 461, 462, 549, 550, 551, 552, 553, 554, 713, 714, 715, 716, 717, 723, 724, 725, 726, 727, 729, 732, 740, 742, 750, 751, 753, 755, 757, 762, 763, 764, 765, 766, 825, 826, 827, 828, 829, 869, 870, 871, 872, 873, 874, 922, 923, 924, 925, 926, 927, 928, 929, 930, 931, 937, 1091, 1092, 1093, 1094, 1095, 1096, 1150, 1151, 1152, 1153, 1154, 1155, 1156, 1157, 1266, 1267, 1268, 1269, 1270, 1346, 1347, 1348, 1349, 1388, 1389, 1390, 1391, 1419, 1420, 1422, 1423, 1425, 1428], "summary": {"covered_lines": 199, "num_statements": 827, "percent_covered": 20.0, "percent_covered_display": "20.00", "missing_lines": 628, "excluded_lines": 2, "percent_statements_covered": 24.062877871825876, "percent_statements_covered_display": "24.06", "num_branches": 258, "num_partial_branches": 10, "covered_branches": 18, "missing_branches": 240, "percent_branches_covered": 6.976744186046512, "percent_branches_covered_display": "6.98"}, "missing_lines": [40, 41, 42, 43, 44, 49, 51, 52, 53, 54, 55, 56, 58, 59, 60, 125, 126, 128, 131, 132, 133, 134, 136, 139, 140, 142, 143, 144, 145, 146, 147, 150, 152, 153, 154, 155, 156, 157, 158, 159, 160, 161, 162, 163, 166, 167, 168, 169, 170, 173, 174, 175, 177, 178, 179, 180, 181, 182, 183, 184, 185, 188, 189, 190, 191, 192, 193, 195, 196, 197, 198, 199, 200, 202, 205, 206, 207, 208, 209, 210, 211, 213, 216, 217, 218, 219, 220, 226, 227, 228, 231, 233, 234, 235, 238, 239, 240, 241, 242, 243, 249, 250, 251, 252, 253, 254, 255, 257, 259, 262, 263, 264, 271, 272, 275, 276, 277, 278, 279, 280, 281, 282, 283, 286, 287, 288, 289, 290, 293, 294, 295, 297, 336, 337, 338, 339, 340, 341, 342, 343, 344, 346, 347, 348, 352, 382, 383, 385, 413, 414, 415, 417, 418, 419, 420, 421, 422, 423, 424, 425, 426, 427, 430, 446, 447, 451, 452, 468, 470, 471, 472, 473, 475, 476, 477, 478, 479, 481, 482, 483, 484, 485, 486, 488, 491, 492, 493, 494, 495, 496, 497, 499, 500, 501, 502, 503, 504, 505, 506, 508, 509, 510, 515, 516, 517, 518, 519, 520, 521, 522, 524, 525, 526, 527, 532, 533, 536, 542, 544, 566, 568, 570, 571, 572, 573, 574, 576, 577, 579, 580, 581, 582, 584, 585, 586, 587, 588, 589, 592, 594, 595, 596, 597, 599, 600, 601, 602, 603, 604, 605, 608, 609, 610, 611, 612, 613, 616, 617, 618, 619, 620, 622, 623, 624, 625, 626, 629, 636, 637, 638, 640, 641, 643, 644, 645, 646, 647, 648, 649, 650, 651, 652, 653, 654, 655, 656, 657, 660, 662, 668, 669, 671, 672, 675, 676, 677, 682, 683, 684, 685, 686, 687, 688, 689, 691, 692, 696, 697, 700, 708, 730, 733, 734, 735, 736, 737, 738, 754, 756, 773, 774, 776, 777, 783, 784, 786, 787, 788, 789, 790, 792, 793, 795, 799, 800, 801, 802, 803, 804, 806, 807, 808, 809, 810, 811, 812, 814, 815, 816, 818, 820, 835, 837, 838, 842, 843, 844, 846, 847, 849, 850, 851, 853, 854, 855, 857, 858, 859, 860, 861, 863, 864, 885, 886, 887, 888, 890, 891, 892, 893, 894, 896, 897, 898, 905, 906, 907, 908, 910, 911, 913, 914, 916, 917, 959, 964, 965, 968, 969, 971, 972, 973, 974, 977, 978, 979, 985, 986, 987, 988, 989, 992, 993, 994, 996, 997, 998, 1001, 1002, 1003, 1005, 1006, 1008, 1009, 1012, 1013, 1014, 1017, 1021, 1022, 1023, 1024, 1025, 1026, 1028, 1029, 1030, 1032, 1040, 1041, 1042, 1043, 1044, 1045, 1047, 1048, 1049, 1050, 1051, 1055, 1056, 1057, 1058, 1059, 1062, 1063, 1065, 1066, 1067, 1068, 1071, 1072, 1076, 1080, 1081, 1083, 1116, 1118, 1119, 1120, 1121, 1122, 1124, 1126, 1127, 1129, 1131, 1132, 1133, 1134, 1135, 1137, 1138, 1143, 1145, 1176, 1178, 1179, 1181, 1182, 1183, 1184, 1185, 1186, 1187, 1188, 1189, 1190, 1191, 1192, 1193, 1196, 1197, 1198, 1199, 1201, 1202, 1203, 1204, 1205, 1206, 1207, 1208, 1210, 1211, 1212, 1213, 1214, 1215, 1216, 1217, 1218, 1219, 1220, 1222, 1223, 1224, 1225, 1226, 1227, 1229, 1230, 1237, 1238, 1239, 1241, 1243, 1244, 1245, 1246, 1247, 1248, 1250, 1251, 1252, 1253, 1254, 1258, 1259, 1260, 1261, 1281, 1283, 1284, 1285, 1286, 1288, 1290, 1291, 1292, 1294, 1295, 1296, 1297, 1298, 1300, 1301, 1302, 1304, 1306, 1307, 1308, 1309, 1310, 1312, 1314, 1315, 1316, 1317, 1322, 1324, 1325, 1326, 1327, 1328, 1329, 1330, 1331, 1332, 1334, 1335, 1336, 1337, 1338, 1339, 1340, 1341, 1360, 1362, 1363, 1365, 1366, 1367, 1368, 1370, 1371, 1374, 1375, 1376, 1377, 1378, 1379, 1380, 1381, 1383, 1398, 1400, 1406, 1407, 1408, 1409, 1410, 1411, 1412, 1413, 1414, 1426, 1427], "excluded_lines": [10, 11], "start_line": 1, "executed_branches": [[78, -71], [78, 79], [312, 313], [315, 316], [315, 319], [329, 330], [329, 357], [335, 350], [351, 354], [379, 380], [411, 429], [429, 432], [440, 441], [440, 443], [729, 732], [732, 740], [753, 755], [755, 757]], "missing_branches": [[41, 42], [41, 43], [55, -47], [55, 56], [131, 132], [131, 133], [133, 134], [133, 136], [139, 140], [139, 142], [142, 143], [142, 144], [156, 157], [156, 166], [158, 156], [158, 159], [166, 167], [166, 173], [169, 170], [169, 173], [174, 175], [174, 188], [178, 179], [178, 188], [180, 181], [180, 182], [182, 183], [182, 184], [184, 185], [184, 188], [188, 189], [188, 202], [190, 191], [190, 192], [192, 193], [192, 195], [197, 198], [197, 199], [218, 219], [218, 231], [234, 235], [234, 238], [241, 242], [241, 259], [275, 276], [275, 286], [286, 287], [286, 293], [293, -86], [293, 294], [294, 295], [294, 297], [312, 315], [335, 336], [337, 338], [337, 339], [339, 340], [339, 341], [341, 342], [341, 343], [343, 344], [343, 346], [351, 352], [379, 382], [382, 383], [382, 385], [411, 413], [414, 415], [414, 417], [418, 419], [418, 426], [419, 418], [419, 420], [429, 430], [482, 483], [482, 488], [492, 493], [492, 499], [494, 495], [494, 496], [496, 497], [496, 499], [499, 500], [499, 508], [504, 505], [504, 508], [517, 518], [517, 519], [524, 525], [524, 526], [526, 527], [526, 544], [532, -457], [532, 533], [576, 577], [576, 579], [585, 586], [585, 592], [594, 595], [594, 608], [596, 597], [596, 599], [603, 604], [603, 608], [608, 609], [608, 616], [616, 617], [616, 660], [618, 619], [618, 660], [623, 624], [623, 660], [640, 641], [640, 643], [645, 646], [645, 647], [647, 648], [647, 651], [649, 650], [649, 651], [651, 652], [651, 660], [668, 669], [668, 671], [671, 672], [671, 675], [684, 685], [684, 686], [691, 692], [691, 696], [696, 697], [696, 700], [729, 730], [732, 733], [736, 737], [736, 740], [753, 754], [755, 756], [786, 787], [786, 808], [792, 793], [792, 795], [799, -762], [799, 800], [801, 802], [801, 803], [803, 804], [803, 806], [808, 809], [808, 820], [815, 816], [815, 818], [849, 850], [849, 853], [853, 854], [853, 857], [858, 859], [858, 860], [860, 861], [860, 863], [863, -825], [863, 864], [890, 891], [890, 916], [893, 894], [893, 896], [896, 897], [896, 910], [897, 898], [897, 905], [906, 907], [906, 908], [910, 911], [910, 913], [968, 969], [968, 977], [972, 973], [972, 974], [996, 997], [996, 1001], [1001, 1002], [1001, 1012], [1012, 1013], [1012, 1062], [1022, 1023], [1022, 1028], [1042, 1043], [1042, 1044], [1055, 1056], [1055, 1059], [1062, 1063], [1062, 1083], [1066, 1067], [1066, 1068], [1119, 1120], [1119, 1121], [1121, 1122], [1121, 1124], [1137, 1138], [1137, 1145], [1181, 1182], [1181, 1201], [1183, 1184], [1183, 1186], [1192, 1193], [1192, 1197], [1201, 1202], [1201, 1210], [1210, 1211], [1210, 1217], [1217, 1218], [1217, 1241], [1218, 1219], [1218, 1229], [1245, 1246], [1245, 1247], [1258, -1150], [1258, 1259], [1290, 1291], [1290, 1294], [1300, 1301], [1300, 1304], [1306, -1266], [1306, 1307], [1307, 1308], [1307, 1312], [1308, 1309], [1308, 1312], [1314, -1266], [1314, 1315], [1322, 1324], [1322, 1334], [1327, 1328], [1327, 1331], [1365, 1366], [1365, 1370], [1376, 1377], [1376, 1383], [1409, -1388], [1409, 1410]]}}}, "src/open_orchestrator/config.py": {"executed_lines": [12, 13, 14, 15, 16, 18, 19, 21, 27, 30, 33, 34, 35, 38, 41, 42, 43, 45, 46, 48, 50, 51, 69, 70, 80, 82, 83, 84, 87, 88, 90, 91, 92, 93, 94, 95, 97, 98, 99, 101, 103, 104, 106, 107, 108, 109, 112, 114, 115, 117, 118, 119, 120, 126, 127, 129, 134, 137, 140, 141, 142, 143, 144, 145, 146, 147, 148, 149, 150, 153, 156, 159, 162, 165, 168, 169, 172, 175, 176, 177, 178, 179, 180, 181, 182, 183, 184, 187, 190, 191, 192, 195, 198, 199, 200, 201, 202, 203, 206, 209, 210, 211, 212, 218, 221, 222, 223, 226, 229, 230, 231, 232, 233, 234, 235, 236, 237, 239, 246, 282, 287, 289, 297, 298, 306, 309, 316], "summary": {"covered_lines": 127, "num_statements": 152, "percent_covered": 79.44444444444444, "percent_covered_display": "79.44", "missing_lines": 25, "excluded_lines": 0, "percent_statements_covered": 83.55263157894737, "percent_statements_covered_display": "83.55", "num_branches": 28, "num_partial_branches": 4, "covered_branches": 16, "missing_branches": 12, "percent_branches_covered": 57.142857142857146, "percent_branches_covered_display": "57.14"}, "missing_lines": [53, 54, 67, 85, 110, 111, 121, 122, 123, 124, 241, 242, 243, 248, 284, 299, 300, 301, 302, 303, 304, 311, 312, 313, 318], "excluded_lines": [], "executed_branches": [[82, 83], [82, 90], [84, 87], [90, 91], [90, 97], [92, 93], [92, 94], [97, 98], [97, 101], [107, 108], [107, 109], [109, 112], [119, 120], [297, 298], [297, 306], [298, 297]], "missing_branches": [[84, 85], [109, 110], [110, 109], [110, 111], [119, 121], [121, 122], [121, 124], [122, 121], [122, 123], [241, 242], [241, 243], [298, 299]], "functions": {"AITool.get_binary_name": {"executed_lines": [48], "summary": {"covered_lines": 1, "num_statements": 1, "percent_covered": 100.0, "percent_covered_display": "100.00", "missing_lines": 0, "excluded_lines": 0, "percent_statements_covered": 100.0, "percent_statements_covered_display": "100.00", "num_branches": 0, "num_partial_branches": 0, "covered_branches": 0, "missing_branches": 0, "percent_branches_covered": 100.0, "percent_branches_covered_display": "100.00"}, "missing_lines": [], "excluded_lines": [], "start_line": 46, "executed_branches": [], "missing_branches": []}, "AITool.get_known_paths": {"executed_lines": [], "summary": {"covered_lines": 0, "num_statements": 3, "percent_covered": 0.0, "percent_covered_display": "0.00", "missing_lines": 3, "excluded_lines": 0, "percent_statements_covered": 0.0, "percent_statements_covered_display": "0.00", "num_branches": 0, "num_partial_branches": 0, "covered_branches": 0, "missing_branches": 0, "percent_branches_covered": 100.0, "percent_branches_covered_display": "100.00"}, "missing_lines": [53, 54, 67], "excluded_lines": [], "start_line": 51, "executed_branches": [], "missing_branches": []}, "AITool.get_command": {"executed_lines": [80, 82, 83, 84, 87, 88, 90, 91, 92, 93, 94, 95, 97, 98, 99, 101], "summary": {"covered_lines": 16, "num_statements": 17, "percent_covered": 92.5925925925926, "percent_covered_display": "92.59", "missing_lines": 1, "excluded_lines": 0, "percent_statements_covered": 94.11764705882354, "percent_statements_covered_display": "94.12", "num_branches": 10, "num_partial_branches": 1, "covered_branches": 9, "missing_branches": 1, "percent_branches_covered": 90.0, "percent_branches_covered_display": "90.00"}, "missing_lines": [85], "excluded_lines": [], "start_line": 70, "executed_branches": [[82, 83], [82, 90], [84, 87], [90, 91], [90, 97], [92, 93], [92, 94], [97, 98], [97, 101]], "missing_branches": [[84, 85]]}, "AITool.is_installed": {"executed_lines": [106, 107, 108, 109, 112], "summary": {"covered_lines": 5, "num_statements": 7, "percent_covered": 61.53846153846154, "percent_covered_display": "61.54", "missing_lines": 2, "excluded_lines": 0, "percent_statements_covered": 71.42857142857143, "percent_statements_covered_display": "71.43", "num_branches": 6, "num_partial_branches": 1, "covered_branches": 3, "missing_branches": 3, "percent_branches_covered": 50.0, "percent_branches_covered_display": "50.00"}, "missing_lines": [110, 111], "excluded_lines": [], "start_line": 104, "executed_branches": [[107, 108], [107, 109], [109, 112]], "missing_branches": [[109, 110], [110, 109], [110, 111]]}, "AITool.get_executable_path": {"executed_lines": [117, 118, 119, 120], "summary": {"covered_lines": 4, "num_statements": 8, "percent_covered": 35.714285714285715, "percent_covered_display": "35.71", "missing_lines": 4, "excluded_lines": 0, "percent_statements_covered": 50.0, "percent_statements_covered_display": "50.00", "num_branches": 6, "num_partial_branches": 1, "covered_branches": 1, "missing_branches": 5, "percent_branches_covered": 16.666666666666668, "percent_branches_covered_display": "16.67"}, "missing_lines": [121, 122, 123, 124], "excluded_lines": [], "start_line": 115, "executed_branches": [[119, 120]], "missing_branches": [[119, 121], [121, 122], [121, 124], [122, 121], [122, 123]]}, "AITool.get_install_hint": {"executed_lines": [129, 134], "summary": {"covered_lines": 2, "num_statements": 2, "percent_covered": 100.0, "percent_covered_display": "100.00", "missing_lines": 0, "excluded_lines": 0, "percent_statements_covered": 100.0, "percent_statements_covered_display": "100.00", "num_branches": 0, "num_partial_branches": 0, "covered_branches": 0, "missing_branches": 0, "percent_branches_covered": 100.0, "percent_branches_covered_display": "100.00"}, "missing_lines": [], "excluded_lines": [], "start_line": 127, "executed_branches": [], "missing_branches": []}, "Config.get_template": {"executed_lines": [], "summary": {"covered_lines": 0, "num_statements": 3, "percent_covered": 0.0, "percent_covered_display": "0.00", "missing_lines": 3, "excluded_lines": 0, "percent_statements_covered": 0.0, "percent_statements_covered_display": "0.00", "num_branches": 2, "num_partial_branches": 0, "covered_branches": 0, "missing_branches": 2, "percent_branches_covered": 0.0, "percent_branches_covered_display": "0.00"}, "missing_lines": [241, 242, 243], "excluded_lines": [], "start_line": 239, "executed_branches": [], "missing_branches": [[241, 242], [241, 243]]}, "get_builtin_templates": {"executed_lines": [], "summary": {"covered_lines": 0, "num_statements": 1, "percent_covered": 0.0, "percent_covered_display": "0.00", "missing_lines": 1, "excluded_lines": 0, "percent_statements_covered": 0.0, "percent_statements_covered_display": "0.00", "num_branches": 0, "num_partial_branches": 0, "covered_branches": 0, "missing_branches": 0, "percent_branches_covered": 100.0, "percent_branches_covered_display": "100.00"}, "missing_lines": [248], "excluded_lines": [], "start_line": 246, "executed_branches": [], "missing_branches": []}, "get_builtin_template": {"executed_lines": [], "summary": {"covered_lines": 0, "num_statements": 1, "percent_covered": 0.0, "percent_covered_display": "0.00", "missing_lines": 1, "excluded_lines": 0, "percent_statements_covered": 0.0, "percent_statements_covered_display": "0.00", "num_branches": 0, "num_partial_branches": 0, "covered_branches": 0, "missing_branches": 0, "percent_branches_covered": 100.0, "percent_branches_covered_display": "100.00"}, "missing_lines": [284], "excluded_lines": [], "start_line": 282, "executed_branches": [], "missing_branches": []}, "load_config": {"executed_lines": [289, 297, 298, 306], "summary": {"covered_lines": 4, "num_statements": 10, "percent_covered": 50.0, "percent_covered_display": "50.00", "missing_lines": 6, "excluded_lines": 0, "percent_statements_covered": 40.0, "percent_statements_covered_display": "40.00", "num_branches": 4, "num_partial_branches": 1, "covered_branches": 3, "missing_branches": 1, "percent_branches_covered": 75.0, "percent_branches_covered_display": "75.00"}, "missing_lines": [299, 300, 301, 302, 303, 304], "excluded_lines": [], "start_line": 287, "executed_branches": [[297, 298], [297, 306], [298, 297]], "missing_branches": [[298, 299]]}, "save_config": {"executed_lines": [], "summary": {"covered_lines": 0, "num_statements": 3, "percent_covered": 0.0, "percent_covered_display": "0.00", "missing_lines": 3, "excluded_lines": 0, "percent_statements_covered": 0.0, "percent_statements_covered_display": "0.00", "num_branches": 0, "num_partial_branches": 0, "covered_branches": 0, "missing_branches": 0, "percent_branches_covered": 100.0, "percent_branches_covered_display": "100.00"}, "missing_lines": [311, 312, 313], "excluded_lines": [], "start_line": 309, "executed_branches": [], "missing_branches": []}, "get_default_config_path": {"executed_lines": [], "summary": {"covered_lines": 0, "num_statements": 1, "percent_covered": 0.0, "percent_covered_display": "0.00", "missing_lines": 1, "excluded_lines": 0, "percent_statements_covered": 0.0, "percent_statements_covered_display": "0.00", "num_branches": 0, "num_partial_branches": 0, "covered_branches": 0, "missing_branches": 0, "percent_branches_covered": 100.0, "percent_branches_covered_display": "100.00"}, "missing_lines": [318], "excluded_lines": [], "start_line": 316, "executed_branches": [], "missing_branches": []}, "": {"executed_lines": [12, 13, 14, 15, 16, 18, 19, 21, 27, 30, 33, 34, 35, 38, 41, 42, 43, 45, 46, 50, 51, 69, 70, 103, 104, 114, 115, 126, 127, 137, 140, 141, 142, 143, 144, 145, 146, 147, 148, 149, 150, 153, 156, 159, 162, 165, 168, 169, 172, 175, 176, 177, 178, 179, 180, 181, 182, 183, 184, 187, 190, 191, 192, 195, 198, 199, 200, 201, 202, 203, 206, 209, 210, 211, 212, 218, 221, 222, 223, 226, 229, 230, 231, 232, 233, 234, 235, 236, 237, 239, 246, 282, 287, 309, 316], "summary": {"covered_lines": 95, "num_statements": 95, "percent_covered": 100.0, "percent_covered_display": "100.00", "missing_lines": 0, "excluded_lines": 0, "percent_statements_covered": 100.0, "percent_statements_covered_display": "100.00", "num_branches": 0, "num_partial_branches": 0, "covered_branches": 0, "missing_branches": 0, "percent_branches_covered": 100.0, "percent_branches_covered_display": "100.00"}, "missing_lines": [], "excluded_lines": [], "start_line": 1, "executed_branches": [], "missing_branches": []}}, "classes": {"DroidAutoLevel": {"executed_lines": [], "summary": {"covered_lines": 0, "num_statements": 0, "percent_covered": 100.0, "percent_covered_display": "100.00", "missing_lines": 0, "excluded_lines": 0, "percent_statements_covered": 100.0, "percent_statements_covered_display": "100.00", "num_branches": 0, "num_partial_branches": 0, "covered_branches": 0, "missing_branches": 0, "percent_branches_covered": 100.0, "percent_branches_covered_display": "100.00"}, "missing_lines": [], "excluded_lines": [], "start_line": 30, "executed_branches": [], "missing_branches": []}, "AITool": {"executed_lines": [48, 80, 82, 83, 84, 87, 88, 90, 91, 92, 93, 94, 95, 97, 98, 99, 101, 106, 107, 108, 109, 112, 117, 118, 119, 120, 129, 134], "summary": {"covered_lines": 28, "num_statements": 38, "percent_covered": 68.33333333333333, "percent_covered_display": "68.33", "missing_lines": 10, "excluded_lines": 0, "percent_statements_covered": 73.6842105263158, "percent_statements_covered_display": "73.68", "num_branches": 22, "num_partial_branches": 3, "covered_branches": 13, "missing_branches": 9, "percent_branches_covered": 59.09090909090909, "percent_branches_covered_display": "59.09"}, "missing_lines": [53, 54, 67, 85, 110, 111, 121, 122, 123, 124], "excluded_lines": [], "start_line": 38, "executed_branches": [[82, 83], [82, 90], [84, 87], [90, 91], [90, 97], [92, 93], [92, 94], [97, 98], [97, 101], [107, 108], [107, 109], [109, 112], [119, 120]], "missing_branches": [[84, 85], [109, 110], [110, 109], [110, 111], [119, 121], [121, 122], [121, 124], [122, 121], [122, 123]]}, "AgnoConfig": {"executed_lines": [], "summary": {"covered_lines": 0, "num_statements": 0, "percent_covered": 100.0, "percent_covered_display": "100.00", "missing_lines": 0, "excluded_lines": 0, "percent_statements_covered": 100.0, "percent_statements_covered_display": "100.00", "num_branches": 0, "num_partial_branches": 0, "covered_branches": 0, "missing_branches": 0, "percent_branches_covered": 100.0, "percent_branches_covered_display": "100.00"}, "missing_lines": [], "excluded_lines": [], "start_line": 137, "executed_branches": [], "missing_branches": []}, "ClaudeConfig": {"executed_lines": [], "summary": {"covered_lines": 0, "num_statements": 0, "percent_covered": 100.0, "percent_covered_display": "100.00", "missing_lines": 0, "excluded_lines": 0, "percent_statements_covered": 100.0, "percent_statements_covered_display": "100.00", "num_branches": 0, "num_partial_branches": 0, "covered_branches": 0, "missing_branches": 0, "percent_branches_covered": 100.0, "percent_branches_covered_display": "100.00"}, "missing_lines": [], "excluded_lines": [], "start_line": 153, "executed_branches": [], "missing_branches": []}, "OpenCodeConfig": {"executed_lines": [], "summary": {"covered_lines": 0, "num_statements": 0, "percent_covered": 100.0, "percent_covered_display": "100.00", "missing_lines": 0, "excluded_lines": 0, "percent_statements_covered": 100.0, "percent_statements_covered_display": "100.00", "num_branches": 0, "num_partial_branches": 0, "covered_branches": 0, "missing_branches": 0, "percent_branches_covered": 100.0, "percent_branches_covered_display": "100.00"}, "missing_lines": [], "excluded_lines": [], "start_line": 159, "executed_branches": [], "missing_branches": []}, "DroidConfig": {"executed_lines": [], "summary": {"covered_lines": 0, "num_statements": 0, "percent_covered": 100.0, "percent_covered_display": "100.00", "missing_lines": 0, "excluded_lines": 0, "percent_statements_covered": 100.0, "percent_statements_covered_display": "100.00", "num_branches": 0, "num_partial_branches": 0, "covered_branches": 0, "missing_branches": 0, "percent_branches_covered": 100.0, "percent_branches_covered_display": "100.00"}, "missing_lines": [], "excluded_lines": [], "start_line": 165, "executed_branches": [], "missing_branches": []}, "WorktreeTemplate": {"executed_lines": [], "summary": {"covered_lines": 0, "num_statements": 0, "percent_covered": 100.0, "percent_covered_display": "100.00", "missing_lines": 0, "excluded_lines": 0, "percent_statements_covered": 100.0, "percent_statements_covered_display": "100.00", "num_branches": 0, "num_partial_branches": 0, "covered_branches": 0, "missing_branches": 0, "percent_branches_covered": 100.0, "percent_branches_covered_display": "100.00"}, "missing_lines": [], "excluded_lines": [], "start_line": 172, "executed_branches": [], "missing_branches": []}, "WorktreeConfig": {"executed_lines": [], "summary": {"covered_lines": 0, "num_statements": 0, "percent_covered": 100.0, "percent_covered_display": "100.00", "missing_lines": 0, "excluded_lines": 0, "percent_statements_covered": 100.0, "percent_statements_covered_display": "100.00", "num_branches": 0, "num_partial_branches": 0, "covered_branches": 0, "missing_branches": 0, "percent_branches_covered": 100.0, "percent_branches_covered_display": "100.00"}, "missing_lines": [], "excluded_lines": [], "start_line": 187, "executed_branches": [], "missing_branches": []}, "TmuxConfig": {"executed_lines": [], "summary": {"covered_lines": 0, "num_statements": 0, "percent_covered": 100.0, "percent_covered_display": "100.00", "missing_lines": 0, "excluded_lines": 0, "percent_statements_covered": 100.0, "percent_statements_covered_display": "100.00", "num_branches": 0, "num_partial_branches": 0, "covered_branches": 0, "missing_branches": 0, "percent_branches_covered": 100.0, "percent_branches_covered_display": "100.00"}, "missing_lines": [], "excluded_lines": [], "start_line": 195, "executed_branches": [], "missing_branches": []}, "EnvironmentConfig": {"executed_lines": [], "summary": {"covered_lines": 0, "num_statements": 0, "percent_covered": 100.0, "percent_covered_display": "100.00", "missing_lines": 0, "excluded_lines": 0, "percent_statements_covered": 100.0, "percent_statements_covered_display": "100.00", "num_branches": 0, "num_partial_branches": 0, "covered_branches": 0, "missing_branches": 0, "percent_branches_covered": 100.0, "percent_branches_covered_display": "100.00"}, "missing_lines": [], "excluded_lines": [], "start_line": 206, "executed_branches": [], "missing_branches": []}, "SyncConfig": {"executed_lines": [], "summary": {"covered_lines": 0, "num_statements": 0, "percent_covered": 100.0, "percent_covered_display": "100.00", "missing_lines": 0, "excluded_lines": 0, "percent_statements_covered": 100.0, "percent_statements_covered_display": "100.00", "num_branches": 0, "num_partial_branches": 0, "covered_branches": 0, "missing_branches": 0, "percent_branches_covered": 100.0, "percent_branches_covered_display": "100.00"}, "missing_lines": [], "excluded_lines": [], "start_line": 218, "executed_branches": [], "missing_branches": []}, "Config": {"executed_lines": [], "summary": {"covered_lines": 0, "num_statements": 3, "percent_covered": 0.0, "percent_covered_display": "0.00", "missing_lines": 3, "excluded_lines": 0, "percent_statements_covered": 0.0, "percent_statements_covered_display": "0.00", "num_branches": 2, "num_partial_branches": 0, "covered_branches": 0, "missing_branches": 2, "percent_branches_covered": 0.0, "percent_branches_covered_display": "0.00"}, "missing_lines": [241, 242, 243], "excluded_lines": [], "start_line": 226, "executed_branches": [], "missing_branches": [[241, 242], [241, 243]]}, "": {"executed_lines": [12, 13, 14, 15, 16, 18, 19, 21, 27, 30, 33, 34, 35, 38, 41, 42, 43, 45, 46, 50, 51, 69, 70, 103, 104, 114, 115, 126, 127, 137, 140, 141, 142, 143, 144, 145, 146, 147, 148, 149, 150, 153, 156, 159, 162, 165, 168, 169, 172, 175, 176, 177, 178, 179, 180, 181, 182, 183, 184, 187, 190, 191, 192, 195, 198, 199, 200, 201, 202, 203, 206, 209, 210, 211, 212, 218, 221, 222, 223, 226, 229, 230, 231, 232, 233, 234, 235, 236, 237, 239, 246, 282, 287, 289, 297, 298, 306, 309, 316], "summary": {"covered_lines": 99, "num_statements": 111, "percent_covered": 88.69565217391305, "percent_covered_display": "88.70", "missing_lines": 12, "excluded_lines": 0, "percent_statements_covered": 89.1891891891892, "percent_statements_covered_display": "89.19", "num_branches": 4, "num_partial_branches": 1, "covered_branches": 3, "missing_branches": 1, "percent_branches_covered": 75.0, "percent_branches_covered_display": "75.00"}, "missing_lines": [248, 284, 299, 300, 301, 302, 303, 304, 311, 312, 313, 318], "excluded_lines": [], "start_line": 1, "executed_branches": [[297, 298], [297, 306], [298, 297]], "missing_branches": [[298, 299]]}}}, "src/open_orchestrator/core/__init__.py": {"executed_lines": [14, 18, 21, 28, 35, 42, 46, 54], "summary": {"covered_lines": 8, "num_statements": 8, "percent_covered": 100.0, "percent_covered_display": "100.00", "missing_lines": 0, "excluded_lines": 0, "percent_statements_covered": 100.0, "percent_statements_covered_display": "100.00", "num_branches": 0, "num_partial_branches": 0, "covered_branches": 0, "missing_branches": 0, "percent_branches_covered": 100.0, "percent_branches_covered_display": "100.00"}, "missing_lines": [], "excluded_lines": [], "executed_branches": [], "missing_branches": [], "functions": {"": {"executed_lines": [14, 18, 21, 28, 35, 42, 46, 54], "summary": {"covered_lines": 8, "num_statements": 8, "percent_covered": 100.0, "percent_covered_display": "100.00", "missing_lines": 0, "excluded_lines": 0, "percent_statements_covered": 100.0, "percent_statements_covered_display": "100.00", "num_branches": 0, "num_partial_branches": 0, "covered_branches": 0, "missing_branches": 0, "percent_branches_covered": 100.0, "percent_branches_covered_display": "100.00"}, "missing_lines": [], "excluded_lines": [], "start_line": 1, "executed_branches": [], "missing_branches": []}}, "classes": {"": {"executed_lines": [14, 18, 21, 28, 35, 42, 46, 54], "summary": {"covered_lines": 8, "num_statements": 8, "percent_covered": 100.0, "percent_covered_display": "100.00", "missing_lines": 0, "excluded_lines": 0, "percent_statements_covered": 100.0, "percent_statements_covered_display": "100.00", "num_branches": 0, "num_partial_branches": 0, "covered_branches": 0, "missing_branches": 0, "percent_branches_covered": 100.0, "percent_branches_covered_display": "100.00"}, "missing_lines": [], "excluded_lines": [], "start_line": 1, "executed_branches": [], "missing_branches": []}}}, "src/open_orchestrator/core/agent_detector.py": {"executed_lines": [7, 9, 12, 21, 30, 33, 34, 35, 37, 40, 46, 49, 50, 51, 54, 55, 56, 58], "summary": {"covered_lines": 18, "num_statements": 18, "percent_covered": 100.0, "percent_covered_display": "100.00", "missing_lines": 0, "excluded_lines": 0, "percent_statements_covered": 100.0, "percent_statements_covered_display": "100.00", "num_branches": 12, "num_partial_branches": 0, "covered_branches": 12, "missing_branches": 0, "percent_branches_covered": 100.0, "percent_branches_covered_display": "100.00"}, "missing_lines": [], "excluded_lines": [], "executed_branches": [[33, 34], [33, 37], [34, 33], [34, 35], [49, 50], [49, 54], [50, 49], [50, 51], [54, 55], [54, 58], [55, 54], [55, 56]], "missing_branches": [], "functions": {"detect_installed_agents": {"executed_lines": [30, 33, 34, 35, 37], "summary": {"covered_lines": 5, "num_statements": 5, "percent_covered": 100.0, "percent_covered_display": "100.00", "missing_lines": 0, "excluded_lines": 0, "percent_statements_covered": 100.0, "percent_statements_covered_display": "100.00", "num_branches": 4, "num_partial_branches": 0, "covered_branches": 4, "missing_branches": 0, "percent_branches_covered": 100.0, "percent_branches_covered_display": "100.00"}, "missing_lines": [], "excluded_lines": [], "start_line": 21, "executed_branches": [[33, 34], [33, 37], [34, 33], [34, 35]], "missing_branches": []}, "detect_all_agents": {"executed_lines": [46, 49, 50, 51, 54, 55, 56, 58], "summary": {"covered_lines": 8, "num_statements": 8, "percent_covered": 100.0, "percent_covered_display": "100.00", "missing_lines": 0, "excluded_lines": 0, "percent_statements_covered": 100.0, "percent_statements_covered_display": "100.00", "num_branches": 8, "num_partial_branches": 0, "covered_branches": 8, "missing_branches": 0, "percent_branches_covered": 100.0, "percent_branches_covered_display": "100.00"}, "missing_lines": [], "excluded_lines": [], "start_line": 40, "executed_branches": [[49, 50], [49, 54], [50, 49], [50, 51], [54, 55], [54, 58], [55, 54], [55, 56]], "missing_branches": []}, "": {"executed_lines": [7, 9, 12, 21, 40], "summary": {"covered_lines": 5, "num_statements": 5, "percent_covered": 100.0, "percent_covered_display": "100.00", "missing_lines": 0, "excluded_lines": 0, "percent_statements_covered": 100.0, "percent_statements_covered_display": "100.00", "num_branches": 0, "num_partial_branches": 0, "covered_branches": 0, "missing_branches": 0, "percent_branches_covered": 100.0, "percent_branches_covered_display": "100.00"}, "missing_lines": [], "excluded_lines": [], "start_line": 1, "executed_branches": [], "missing_branches": []}}, "classes": {"": {"executed_lines": [7, 9, 12, 21, 30, 33, 34, 35, 37, 40, 46, 49, 50, 51, 54, 55, 56, 58], "summary": {"covered_lines": 18, "num_statements": 18, "percent_covered": 100.0, "percent_covered_display": "100.00", "missing_lines": 0, "excluded_lines": 0, "percent_statements_covered": 100.0, "percent_statements_covered_display": "100.00", "num_branches": 12, "num_partial_branches": 0, "covered_branches": 12, "missing_branches": 0, "percent_branches_covered": 100.0, "percent_branches_covered_display": "100.00"}, "missing_lines": [], "excluded_lines": [], "start_line": 1, "executed_branches": [[33, 34], [33, 37], [34, 33], [34, 35], [49, 50], [49, 54], [50, 49], [50, 51], [54, 55], [54, 58], [55, 54], [55, 56]], "missing_branches": []}}}, "src/open_orchestrator/core/batch.py": {"executed_lines": [12, 14, 15, 16, 17, 18, 19, 20, 21, 23, 25, 26, 27, 28, 30, 33, 36, 37, 38, 39, 40, 43, 44, 47, 48, 49, 50, 51, 52, 53, 56, 57, 60, 61, 62, 63, 64, 65, 68, 69, 72, 73, 74, 75, 78, 80, 81, 82, 96, 112, 114, 115, 117, 125, 127, 129, 130, 131, 133, 134, 135, 136, 137, 138, 139, 142, 166, 168, 169, 171, 172, 181, 183, 218, 220, 221, 232, 233, 235, 238, 241, 242, 243, 244, 245, 249, 250, 253, 255, 256, 257, 258, 259, 260, 261, 262, 265, 271, 272, 273, 275, 276, 277, 278, 281, 282, 283, 286, 287, 288, 289, 290, 291, 292, 293, 294, 296, 297, 298, 301, 304, 307, 308, 309, 310, 313, 314, 315, 316, 317, 319, 321, 322, 323, 324, 325, 326, 327, 329, 331, 332, 333, 334, 335, 338, 340, 341, 342, 345, 347, 349, 350, 351, 352, 354, 356, 357, 359, 447, 467, 478, 526], "summary": {"covered_lines": 162, "num_statements": 304, "percent_covered": 50.24875621890547, "percent_covered_display": "50.25", "missing_lines": 142, "excluded_lines": 0, "percent_statements_covered": 53.28947368421053, "percent_statements_covered_display": "53.29", "num_branches": 98, "num_partial_branches": 8, "covered_branches": 40, "missing_branches": 58, "percent_branches_covered": 40.816326530612244, "percent_branches_covered_display": "40.82"}, "missing_lines": [173, 175, 176, 177, 178, 179, 225, 226, 227, 228, 236, 246, 247, 336, 343, 348, 368, 369, 370, 372, 374, 375, 376, 377, 378, 380, 381, 384, 385, 386, 387, 389, 390, 391, 392, 395, 396, 397, 398, 399, 402, 403, 404, 405, 406, 407, 408, 413, 414, 417, 418, 420, 421, 422, 423, 425, 427, 429, 432, 436, 438, 439, 441, 442, 444, 445, 449, 451, 452, 453, 454, 455, 460, 461, 462, 463, 465, 469, 470, 471, 472, 473, 474, 475, 476, 480, 481, 483, 485, 486, 487, 488, 489, 490, 492, 493, 494, 495, 496, 497, 498, 499, 510, 511, 514, 515, 516, 518, 519, 520, 521, 522, 523, 524, 528, 529, 530, 532, 533, 534, 537, 538, 539, 540, 541, 542, 543, 546, 547, 548, 549, 551, 552, 553, 554, 555, 557, 561, 562, 563, 564, 565], "excluded_lines": [], "executed_branches": [[80, 81], [80, 82], [130, 131], [130, 133], [134, 135], [134, 136], [137, 138], [137, 139], [172, 181], [235, 238], [256, 257], [256, 262], [257, 258], [257, 259], [259, 260], [259, 261], [275, 276], [275, 286], [276, 275], [276, 277], [277, 278], [277, 281], [288, 289], [288, 296], [291, 288], [291, 292], [293, 291], [293, 294], [296, 297], [296, 301], [322, 323], [322, 327], [325, 322], [325, 326], [332, 333], [334, 335], [340, 341], [341, 342], [347, 349], [350, 351]], "missing_branches": [[172, 173], [235, 236], [332, 336], [334, 332], [340, 343], [341, 340], [347, 348], [350, -345], [372, 374], [372, 444], [375, 376], [375, 381], [376, 377], [376, 380], [384, 385], [384, 395], [386, 387], [386, 389], [389, 390], [389, 391], [395, 396], [395, 402], [396, 397], [396, 399], [404, 405], [404, 429], [406, 407], [406, 427], [408, 413], [408, 421], [413, 414], [413, 417], [417, 418], [417, 420], [421, 422], [421, 425], [438, 439], [438, 441], [441, 372], [441, 442], [452, 453], [452, 454], [460, 461], [460, 465], [471, 472], [471, 476], [474, 471], [474, 475], [486, 487], [486, 492], [515, -478], [515, 516], [529, 530], [529, 532], [540, 541], [540, 546], [548, 549], [548, 557]], "functions": {"_parse_tasks": {"executed_lines": [80, 81, 82], "summary": {"covered_lines": 3, "num_statements": 3, "percent_covered": 100.0, "percent_covered_display": "100.00", "missing_lines": 0, "excluded_lines": 0, "percent_statements_covered": 100.0, "percent_statements_covered_display": "100.00", "num_branches": 2, "num_partial_branches": 0, "covered_branches": 2, "missing_branches": 0, "percent_branches_covered": 100.0, "percent_branches_covered_display": "100.00"}, "missing_lines": [], "excluded_lines": [], "start_line": 78, "executed_branches": [[80, 81], [80, 82]], "missing_branches": []}, "load_batch_config": {"executed_lines": [112, 114, 115, 117], "summary": {"covered_lines": 4, "num_statements": 4, "percent_covered": 100.0, "percent_covered_display": "100.00", "missing_lines": 0, "excluded_lines": 0, "percent_statements_covered": 100.0, "percent_statements_covered_display": "100.00", "num_branches": 0, "num_partial_branches": 0, "covered_branches": 0, "missing_branches": 0, "percent_branches_covered": 100.0, "percent_branches_covered_display": "100.00"}, "missing_lines": [], "excluded_lines": [], "start_line": 96, "executed_branches": [], "missing_branches": []}, "_extract_toml": {"executed_lines": [127, 129, 130, 131, 133, 134, 135, 136, 137, 138, 139], "summary": {"covered_lines": 11, "num_statements": 11, "percent_covered": 100.0, "percent_covered_display": "100.00", "missing_lines": 0, "excluded_lines": 0, "percent_statements_covered": 100.0, "percent_statements_covered_display": "100.00", "num_branches": 6, "num_partial_branches": 0, "covered_branches": 6, "missing_branches": 0, "percent_branches_covered": 100.0, "percent_branches_covered_display": "100.00"}, "missing_lines": [], "excluded_lines": [], "start_line": 125, "executed_branches": [[130, 131], [130, 133], [134, 135], [134, 136], [137, 138], [137, 139]], "missing_branches": []}, "plan_tasks": {"executed_lines": [166, 168, 169, 171, 172, 181, 183, 218, 220, 221, 232, 233, 235, 238, 241, 242, 243, 244, 245, 249, 250], "summary": {"covered_lines": 21, "num_statements": 34, "percent_covered": 60.526315789473685, "percent_covered_display": "60.53", "missing_lines": 13, "excluded_lines": 0, "percent_statements_covered": 61.76470588235294, "percent_statements_covered_display": "61.76", "num_branches": 4, "num_partial_branches": 2, "covered_branches": 2, "missing_branches": 2, "percent_branches_covered": 50.0, "percent_branches_covered_display": "50.00"}, "missing_lines": [173, 175, 176, 177, 178, 179, 225, 226, 227, 228, 236, 246, 247], "excluded_lines": [], "start_line": 142, "executed_branches": [[172, 181], [235, 238]], "missing_branches": [[172, 173], [235, 236]]}, "_build_task_index": {"executed_lines": [255, 256, 257, 258, 259, 260, 261, 262], "summary": {"covered_lines": 8, "num_statements": 8, "percent_covered": 100.0, "percent_covered_display": "100.00", "missing_lines": 0, "excluded_lines": 0, "percent_statements_covered": 100.0, "percent_statements_covered_display": "100.00", "num_branches": 6, "num_partial_branches": 0, "covered_branches": 6, "missing_branches": 0, "percent_branches_covered": 100.0, "percent_branches_covered_display": "100.00"}, "missing_lines": [], "excluded_lines": [], "start_line": 253, "executed_branches": [[256, 257], [256, 262], [257, 258], [257, 259], [259, 260], [259, 261]], "missing_branches": []}, "_validate_dag": {"executed_lines": [271, 272, 273, 275, 276, 277, 278, 281, 282, 283, 286, 287, 288, 289, 290, 291, 292, 293, 294, 296, 297, 298, 301], "summary": {"covered_lines": 23, "num_statements": 23, "percent_covered": 100.0, "percent_covered_display": "100.00", "missing_lines": 0, "excluded_lines": 0, "percent_statements_covered": 100.0, "percent_statements_covered_display": "100.00", "num_branches": 14, "num_partial_branches": 0, "covered_branches": 14, "missing_branches": 0, "percent_branches_covered": 100.0, "percent_branches_covered_display": "100.00"}, "missing_lines": [], "excluded_lines": [], "start_line": 265, "executed_branches": [[275, 276], [275, 286], [276, 275], [276, 277], [277, 278], [277, 281], [288, 289], [288, 296], [291, 288], [291, 292], [293, 291], [293, 294], [296, 297], [296, 301]], "missing_branches": []}, "BatchRunner.__init__": {"executed_lines": [308, 309, 310, 313, 314, 315, 316, 317], "summary": {"covered_lines": 8, "num_statements": 8, "percent_covered": 100.0, "percent_covered_display": "100.00", "missing_lines": 0, "excluded_lines": 0, "percent_statements_covered": 100.0, "percent_statements_covered_display": "100.00", "num_branches": 0, "num_partial_branches": 0, "covered_branches": 0, "missing_branches": 0, "percent_branches_covered": 100.0, "percent_branches_covered_display": "100.00"}, "missing_lines": [], "excluded_lines": [], "start_line": 307, "executed_branches": [], "missing_branches": []}, "BatchRunner._deps_satisfied": {"executed_lines": [321, 322, 323, 324, 325, 326, 327], "summary": {"covered_lines": 7, "num_statements": 7, "percent_covered": 100.0, "percent_covered_display": "100.00", "missing_lines": 0, "excluded_lines": 0, "percent_statements_covered": 100.0, "percent_statements_covered_display": "100.00", "num_branches": 4, "num_partial_branches": 0, "covered_branches": 4, "missing_branches": 0, "percent_branches_covered": 100.0, "percent_branches_covered_display": "100.00"}, "missing_lines": [], "excluded_lines": [], "start_line": 319, "executed_branches": [[322, 323], [322, 327], [325, 322], [325, 326]], "missing_branches": []}, "BatchRunner._deps_failed": {"executed_lines": [331, 332, 333, 334, 335], "summary": {"covered_lines": 5, "num_statements": 6, "percent_covered": 70.0, "percent_covered_display": "70.00", "missing_lines": 1, "excluded_lines": 0, "percent_statements_covered": 83.33333333333333, "percent_statements_covered_display": "83.33", "num_branches": 4, "num_partial_branches": 2, "covered_branches": 2, "missing_branches": 2, "percent_branches_covered": 50.0, "percent_branches_covered_display": "50.00"}, "missing_lines": [336], "excluded_lines": [], "start_line": 329, "executed_branches": [[332, 333], [334, 335]], "missing_branches": [[332, 336], [334, 332]]}, "BatchRunner._select_ready": {"executed_lines": [340, 341, 342], "summary": {"covered_lines": 3, "num_statements": 4, "percent_covered": 62.5, "percent_covered_display": "62.50", "missing_lines": 1, "excluded_lines": 0, "percent_statements_covered": 75.0, "percent_statements_covered_display": "75.00", "num_branches": 4, "num_partial_branches": 2, "covered_branches": 2, "missing_branches": 2, "percent_branches_covered": 50.0, "percent_branches_covered_display": "50.00"}, "missing_lines": [343], "excluded_lines": [], "start_line": 338, "executed_branches": [[340, 341], [341, 342]], "missing_branches": [[340, 343], [341, 340]]}, "BatchRunner._update_dag_progress": {"executed_lines": [347, 349, 350, 351, 352], "summary": {"covered_lines": 5, "num_statements": 6, "percent_covered": 70.0, "percent_covered_display": "70.00", "missing_lines": 1, "excluded_lines": 0, "percent_statements_covered": 83.33333333333333, "percent_statements_covered_display": "83.33", "num_branches": 4, "num_partial_branches": 2, "covered_branches": 2, "missing_branches": 2, "percent_branches_covered": 50.0, "percent_branches_covered_display": "50.00"}, "missing_lines": [348], "excluded_lines": [], "start_line": 345, "executed_branches": [[347, 349], [350, 351]], "missing_branches": [[347, 348], [350, -345]]}, "BatchRunner._clear_dag_progress": {"executed_lines": [356, 357], "summary": {"covered_lines": 2, "num_statements": 2, "percent_covered": 100.0, "percent_covered_display": "100.00", "missing_lines": 0, "excluded_lines": 0, "percent_statements_covered": 100.0, "percent_statements_covered_display": "100.00", "num_branches": 0, "num_partial_branches": 0, "covered_branches": 0, "missing_branches": 0, "percent_branches_covered": 100.0, "percent_branches_covered_display": "100.00"}, "missing_lines": [], "excluded_lines": [], "start_line": 354, "executed_branches": [], "missing_branches": []}, "BatchRunner.run": {"executed_lines": [], "summary": {"covered_lines": 0, "num_statements": 50, "percent_covered": 0.0, "percent_covered_display": "0.00", "missing_lines": 50, "excluded_lines": 0, "percent_statements_covered": 0.0, "percent_statements_covered_display": "0.00", "num_branches": 32, "num_partial_branches": 0, "covered_branches": 0, "missing_branches": 32, "percent_branches_covered": 0.0, "percent_branches_covered_display": "0.00"}, "missing_lines": [368, 369, 370, 372, 374, 375, 376, 377, 378, 380, 381, 384, 385, 386, 387, 389, 390, 391, 392, 395, 396, 397, 398, 399, 402, 403, 404, 405, 406, 407, 408, 413, 414, 417, 418, 420, 421, 422, 423, 425, 427, 429, 432, 436, 438, 439, 441, 442, 444, 445], "excluded_lines": [], "start_line": 359, "executed_branches": [], "missing_branches": [[372, 374], [372, 444], [375, 376], [375, 381], [376, 377], [376, 380], [384, 385], [384, 395], [386, 387], [386, 389], [389, 390], [389, 391], [395, 396], [395, 402], [396, 397], [396, 399], [404, 405], [404, 429], [406, 407], [406, 427], [408, 413], [408, 421], [413, 414], [413, 417], [417, 418], [417, 420], [421, 422], [421, 425], [438, 439], [438, 441], [441, 372], [441, 442]]}, "BatchRunner._capture_summary": {"executed_lines": [], "summary": {"covered_lines": 0, "num_statements": 11, "percent_covered": 0.0, "percent_covered_display": "0.00", "missing_lines": 11, "excluded_lines": 0, "percent_statements_covered": 0.0, "percent_statements_covered_display": "0.00", "num_branches": 4, "num_partial_branches": 0, "covered_branches": 0, "missing_branches": 4, "percent_branches_covered": 0.0, "percent_branches_covered_display": "0.00"}, "missing_lines": [449, 451, 452, 453, 454, 455, 460, 461, 462, 463, 465], "excluded_lines": [], "start_line": 447, "executed_branches": [], "missing_branches": [[452, 453], [452, 454], [460, 461], [460, 465]]}, "BatchRunner._inject_parent_context": {"executed_lines": [], "summary": {"covered_lines": 0, "num_statements": 8, "percent_covered": 0.0, "percent_covered_display": "0.00", "missing_lines": 8, "excluded_lines": 0, "percent_statements_covered": 0.0, "percent_statements_covered_display": "0.00", "num_branches": 4, "num_partial_branches": 0, "covered_branches": 0, "missing_branches": 4, "percent_branches_covered": 0.0, "percent_branches_covered_display": "0.00"}, "missing_lines": [469, 470, 471, 472, 473, 474, 475, 476], "excluded_lines": [], "start_line": 467, "executed_branches": [], "missing_branches": [[471, 472], [471, 476], [474, 471], [474, 475]]}, "BatchRunner._start_task": {"executed_lines": [], "summary": {"covered_lines": 0, "num_statements": 29, "percent_covered": 0.0, "percent_covered_display": "0.00", "missing_lines": 29, "excluded_lines": 0, "percent_statements_covered": 0.0, "percent_statements_covered_display": "0.00", "num_branches": 4, "num_partial_branches": 0, "covered_branches": 0, "missing_branches": 4, "percent_branches_covered": 0.0, "percent_branches_covered_display": "0.00"}, "missing_lines": [480, 481, 483, 485, 486, 487, 488, 489, 490, 492, 493, 494, 495, 496, 497, 498, 499, 510, 511, 514, 515, 516, 518, 519, 520, 521, 522, 523, 524], "excluded_lines": [], "start_line": 478, "executed_branches": [], "missing_branches": [[486, 487], [486, 492], [515, -478], [515, 516]]}, "BatchRunner._ship_task": {"executed_lines": [], "summary": {"covered_lines": 0, "num_statements": 28, "percent_covered": 0.0, "percent_covered_display": "0.00", "missing_lines": 28, "excluded_lines": 0, "percent_statements_covered": 0.0, "percent_statements_covered_display": "0.00", "num_branches": 6, "num_partial_branches": 0, "covered_branches": 0, "missing_branches": 6, "percent_branches_covered": 0.0, "percent_branches_covered_display": "0.00"}, "missing_lines": [528, 529, 530, 532, 533, 534, 537, 538, 539, 540, 541, 542, 543, 546, 547, 548, 549, 551, 552, 553, 554, 555, 557, 561, 562, 563, 564, 565], "excluded_lines": [], "start_line": 526, "executed_branches": [], "missing_branches": [[529, 530], [529, 532], [540, 541], [540, 546], [548, 549], [548, 557]]}, "": {"executed_lines": [12
[...]
, "num_partial_branches": 0, "covered_branches": 0, "missing_branches": 0, "percent_branches_covered": 100.0, "percent_branches_covered_display": "100.00"}, "missing_lines": [], "excluded_lines": [], "executed_branches": [], "missing_branches": [], "functions": {"": {"executed_lines": [], "summary": {"covered_lines": 0, "num_statements": 0, "percent_covered": 100.0, "percent_covered_display": "100.00", "missing_lines": 0, "excluded_lines": 0, "percent_statements_covered": 100.0, "percent_statements_covered_display": "100.00", "num_branches": 0, "num_partial_branches": 0, "covered_branches": 0, "missing_branches": 0, "percent_branches_covered": 100.0, "percent_branches_covered_display": "100.00"}, "missing_lines": [], "excluded_lines": [], "start_line": 1, "executed_branches": [], "missing_branches": []}}, "classes": {"": {"executed_lines": [], "summary": {"covered_lines": 0, "num_statements": 0, "percent_covered": 100.0, "percent_covered_display": "100.00", "missing_lines": 0, "excluded_lines": 0, "percent_statements_covered": 100.0, "percent_statements_covered_display": "100.00", "num_branches": 0, "num_partial_branches": 0, "covered_branches": 0, "missing_branches": 0, "percent_branches_covered": 100.0, "percent_branches_covered_display": "100.00"}, "missing_lines": [], "excluded_lines": [], "start_line": 1, "executed_branches": [], "missing_branches": []}}}, "src/open_orchestrator/popup/picker.py": {"executed_lines": [], "summary": {"covered_lines": 0, "num_statements": 159, "percent_covered": 0.0, "percent_covered_display": "0.00", "missing_lines": 159, "excluded_lines": 2, "percent_statements_covered": 0.0, "percent_statements_covered_display": "0.00", "num_branches": 60, "num_partial_branches": 0, "covered_branches": 0, "missing_branches": 60, "percent_branches_covered": 0.0, "percent_branches_covered_display": "0.00"}, "missing_lines": [11, 12, 13, 14, 15, 22, 34, 36, 37, 38, 39, 40, 43, 49, 52, 54, 55, 56, 57, 58, 59, 60, 63, 65, 66, 68, 69, 71, 72, 73, 74, 75, 76, 77, 78, 80, 81, 83, 84, 85, 88, 89, 92, 93, 94, 96, 97, 98, 101, 102, 103, 104, 106, 107, 110, 111, 112, 114, 115, 118, 119, 120, 122, 123, 125, 126, 127, 128, 129, 130, 131, 132, 133, 136, 137, 138, 139, 140, 141, 143, 146, 148, 149, 150, 151, 152, 153, 154, 155, 156, 158, 159, 160, 162, 163, 164, 172, 174, 175, 176, 177, 179, 180, 183, 184, 185, 188, 189, 190, 191, 192, 194, 196, 197, 198, 200, 202, 203, 204, 205, 206, 208, 210, 211, 212, 213, 214, 215, 216, 217, 218, 219, 220, 221, 222, 223, 224, 225, 226, 227, 230, 232, 233, 234, 236, 237, 238, 240, 241, 248, 250, 251, 252, 254, 256, 257, 258, 260, 261], "excluded_lines": [264, 265], "executed_branches": [], "missing_branches": [[37, 38], [37, 40], [71, 72], [71, 80], [97, 98], [97, 101], [101, 102], [101, 136], [103, 104], [103, 106], [110, 111], [110, 114], [118, 119], [118, 122], [130, 101], [130, 131], [137, 138], [137, 143], [140, 141], [140, 143], [148, 149], [148, 150], [150, 151], [150, 152], [152, 153], [152, 154], [154, 155], [154, 159], [155, 156], [155, 158], [159, 83], [159, 160], [160, 162], [160, 163], [191, 192], [191, 194], [210, 211], [210, 212], [212, 213], [212, 215], [215, 216], [215, 219], [216, 200], [216, 217], [219, 220], [219, 221], [221, 222], [221, 223], [223, 200], [223, 224], [225, 200], [225, 226], [233, 234], [233, 236], [237, 238], [237, 240], [250, 251], [250, 254], [257, 258], [257, 260]], "functions": {"detect_installed": {"executed_lines": [], "summary": {"covered_lines": 0, "num_statements": 5, "percent_covered": 0.0, "percent_covered_display": "0.00", "missing_lines": 5, "excluded_lines": 0, "percent_statements_covered": 0.0, "percent_statements_covered_display": "0.00", "num_branches": 2, "num_partial_branches": 0, "covered_branches": 0, "missing_branches": 2, "percent_branches_covered": 0.0, "percent_branches_covered_display": "0.00"}, "missing_lines": [36, 37, 38, 39, 40], "excluded_lines": [], "start_line": 34, "executed_branches": [], "missing_branches": [[37, 38], [37, 40]]}, "_get_theme_curses_color": {"executed_lines": [], "summary": {"covered_lines": 0, "num_statements": 1, "percent_covered": 0.0, "percent_covered_display": "0.00", "missing_lines": 1, "excluded_lines": 0, "percent_statements_covered": 0.0, "percent_statements_covered_display": "0.00", "num_branches": 0, "num_partial_branches": 0, "covered_branches": 0, "missing_branches": 0, "percent_branches_covered": 100.0, "percent_branches_covered_display": "100.00"}, "missing_lines": [49], "excluded_lines": [], "start_line": 43, "executed_branches": [], "missing_branches": []}, "_init_colors": {"executed_lines": [], "summary": {"covered_lines": 0, "num_statements": 7, "percent_covered": 0.0, "percent_covered_display": "0.00", "missing_lines": 7, "excluded_lines": 0, "percent_statements_covered": 0.0, "percent_statements_covered_display": "0.00", "num_branches": 0, "num_partial_branches": 0, "covered_branches": 0, "missing_branches": 0, "percent_branches_covered": 100.0, "percent_branches_covered_display": "100.00"}, "missing_lines": [54, 55, 56, 57, 58, 59, 60], "excluded_lines": [], "start_line": 52, "executed_branches": [], "missing_branches": []}, "run_picker": {"executed_lines": [], "summary": {"covered_lines": 0, "num_statements": 73, "percent_covered": 0.0, "percent_covered_display": "0.00", "missing_lines": 73, "excluded_lines": 0, "percent_statements_covered": 0.0, "percent_statements_covered_display": "0.00", "num_branches": 32, "num_partial_branches": 0, "covered_branches": 0, "missing_branches": 32, "percent_branches_covered": 0.0, "percent_branches_covered_display": "0.00"}, "missing_lines": [65, 66, 68, 69, 71, 72, 73, 74, 75, 76, 77, 78, 80, 81, 83, 84, 85, 88, 89, 92, 93, 94, 96, 97, 98, 101, 102, 103, 104, 106, 107, 110, 111, 112, 114, 115, 118, 119, 120, 122, 123, 125, 126, 127, 128, 129, 130, 131, 132, 133, 136, 137, 138, 139, 140, 141, 143, 146, 148, 149, 150, 151, 152, 153, 154, 155, 156, 158, 159, 160, 162, 163, 164], "excluded_lines": [], "start_line": 63, "executed_branches": [], "missing_branches": [[71, 72], [71, 80], [97, 98], [97, 101], [101, 102], [101, 136], [103, 104], [103, 106], [110, 111], [110, 114], [118, 119], [118, 122], [130, 101], [130, 131], [137, 138], [137, 143], [140, 141], [140, 143], [148, 149], [148, 150], [150, 151], [150, 152], [152, 153], [152, 154], [154, 155], [154, 159], [155, 156], [155, 158], [159, 83], [159, 160], [160, 162], [160, 163]]}, "get_branch_name": {"executed_lines": [], "summary": {"covered_lines": 0, "num_statements": 43, "percent_covered": 0.0, "percent_covered_display": "0.00", "missing_lines": 43, "excluded_lines": 0, "percent_statements_covered": 0.0, "percent_statements_covered_display": "0.00", "num_branches": 18, "num_partial_branches": 0, "covered_branches": 0, "missing_branches": 18, "percent_branches_covered": 0.0, "percent_branches_covered_display": "0.00"}, "missing_lines": [174, 175, 176, 177, 179, 180, 183, 184, 185, 188, 189, 190, 191, 192, 194, 196, 197, 198, 200, 202, 203, 204, 205, 206, 208, 210, 211, 212, 213, 214, 215, 216, 217, 218, 219, 220, 221, 222, 223, 224, 225, 226, 227], "excluded_lines": [], "start_line": 172, "executed_branches": [], "missing_branches": [[191, 192], [191, 194], [210, 211], [210, 212], [212, 213], [212, 215], [215, 216], [215, 219], [216, 200], [216, 217], [219, 220], [219, 221], [221, 222], [221, 223], [223, 200], [223, 224], [225, 200], [225, 226]]}, "_picker_flow": {"executed_lines": [], "summary": {"covered_lines": 0, "num_statements": 8, "percent_covered": 0.0, "percent_covered_display": "0.00", "missing_lines": 8, "excluded_lines": 0, "percent_statements_covered": 0.0, "percent_statements_covered_display": "0.00", "num_branches": 4, "num_partial_branches": 0, "covered_branches": 0, "missing_branches": 4, "percent_branches_covered": 0.0, "percent_branches_covered_display": "0.00"}, "missing_lines": [232, 233, 234, 236, 237, 238, 240, 241], "excluded_lines": [], "start_line": 230, "executed_branches": [], "missing_branches": [[233, 234], [233, 236], [237, 238], [237, 240]]}, "main": {"executed_lines": [], "summary": {"covered_lines": 0, "num_statements": 9, "percent_covered": 0.0, "percent_covered_display": "0.00", "missing_lines": 9, "excluded_lines": 0, "percent_statements_covered": 0.0, "percent_statements_covered_display": "0.00", "num_branches": 4, "num_partial_branches": 0, "covered_branches": 0, "missing_branches": 4, "percent_branches_covered": 0.0, "percent_branches_covered_display": "0.00"}, "missing_lines": [250, 251, 252, 254, 256, 257, 258, 260, 261], "excluded_lines": [], "start_line": 248, "executed_branches": [], "missing_branches": [[250, 251], [250, 254], [257, 258], [257, 260]]}, "": {"executed_lines": [], "summary": {"covered_lines": 0, "num_statements": 13, "percent_covered": 0.0, "percent_covered_display": "0.00", "missing_lines": 13, "excluded_lines": 2, "percent_statements_covered": 0.0, "percent_statements_covered_display": "0.00", "num_branches": 0, "num_partial_branches": 0, "covered_branches": 0, "missing_branches": 0, "percent_branches_covered": 100.0, "percent_branches_covered_display": "100.00"}, "missing_lines": [11, 12, 13, 14, 15, 22, 34, 43, 52, 63, 172, 230, 248], "excluded_lines": [264, 265], "start_line": 1, "executed_branches": [], "missing_branches": []}}, "classes": {"": {"executed_lines": [], "summary": {"covered_lines": 0, "num_statements": 159, "percent_covered": 0.0, "percent_covered_display": "0.00", "missing_lines": 159, "excluded_lines": 2, "percent_statements_covered": 0.0, "percent_statements_covered_display": "0.00", "num_branches": 60, "num_partial_branches": 0, "covered_branches": 0, "missing_branches": 60, "percent_branches_covered": 0.0, "percent_branches_covered_display": "0.00"}, "missing_lines": [11, 12, 13, 14, 15, 22, 34, 36, 37, 38, 39, 40, 43, 49, 52, 54, 55, 56, 57, 58, 59, 60, 63, 65, 66, 68, 69, 71, 72, 73, 74, 75, 76, 77, 78, 80, 81, 83, 84, 85, 88, 89, 92, 93, 94, 96, 97, 98, 101, 102, 103, 104, 106, 107, 110, 111, 112, 114, 115, 118, 119, 120, 122, 123, 125, 126, 127, 128, 129, 130, 131, 132, 133, 136, 137, 138, 139, 140, 141, 143, 146, 148, 149, 150, 151, 152, 153, 154, 155, 156, 158, 159, 160, 162, 163, 164, 172, 174, 175, 176, 177, 179, 180, 183, 184, 185, 188, 189, 190, 191, 192, 194, 196, 197, 198, 200, 202, 203, 204, 205, 206, 208, 210, 211, 212, 213, 214, 215, 216, 217, 218, 219, 220, 221, 222, 223, 224, 225, 226, 227, 230, 232, 233, 234, 236, 237, 238, 240, 241, 248, 250, 251, 252, 254, 256, 257, 258, 260, 261], "excluded_lines": [264, 265], "start_line": 1, "executed_branches": [], "missing_branches": [[37, 38], [37, 40], [71, 72], [71, 80], [97, 98], [97, 101], [101, 102], [101, 136], [103, 104], [103, 106], [110, 111], [110, 114], [118, 119], [118, 122], [130, 101], [130, 131], [137, 138], [137, 143], [140, 141], [140, 143], [148, 149], [148, 150], [150, 151], [150, 152], [152, 153], [152, 154], [154, 155], [154, 159], [155, 156], [155, 158], [159, 83], [159, 160], [160, 162], [160, 163], [191, 192], [191, 194], [210, 211], [210, 212], [212, 213], [212, 215], [215, 216], [215, 219], [216, 200], [216, 217], [219, 220], [219, 221], [221, 222], [221, 223], [223, 200], [223, 224], [225, 200], [225, 226], [233, 234], [233, 236], [237, 238], [237, 240], [250, 251], [250, 254], [257, 258], [257, 260]]}}}, "src/open_orchestrator/utils/__init__.py": {"executed_lines": [], "summary": {"covered_lines": 0, "num_statements": 0, "percent_covered": 100.0, "percent_covered_display": "100.00", "missing_lines": 0, "excluded_lines": 0, "percent_statements_covered": 100.0, "percent_statements_covered_display": "100.00", "num_branches": 0, "num_partial_branches": 0, "covered_branches": 0, "missing_branches": 0, "percent_branches_covered": 100.0, "percent_branches_covered_display": "100.00"}, "missing_lines": [], "excluded_lines": [], "executed_branches": [], "missing_branches": [], "functions": {"": {"executed_lines": [], "summary": {"covered_lines": 0, "num_statements": 0, "percent_covered": 100.0, "percent_covered_display": "100.00", "missing_lines": 0, "excluded_lines": 0, "percent_statements_covered": 100.0, "percent_statements_covered_display": "100.00", "num_branches": 0, "num_partial_branches": 0, "covered_branches": 0, "missing_branches": 0, "percent_branches_covered": 100.0, "percent_branches_covered_display": "100.00"}, "missing_lines": [], "excluded_lines": [], "start_line": 1, "executed_branches": [], "missing_branches": []}}, "classes": {"": {"executed_lines": [], "summary": {"covered_lines": 0, "num_statements": 0, "percent_covered": 100.0, "percent_covered_display": "100.00", "missing_lines": 0, "excluded_lines": 0, "percent_statements_covered": 100.0, "percent_statements_covered_display": "100.00", "num_branches": 0, "num_partial_branches": 0, "covered_branches": 0, "missing_branches": 0, "percent_branches_covered": 100.0, "percent_branches_covered_display": "100.00"}, "missing_lines": [], "excluded_lines": [], "start_line": 1, "executed_branches": [], "missing_branches": []}}}, "src/open_orchestrator/utils/io.py": {"executed_lines": [11, 13, 14, 15, 16, 17, 18, 19, 20, 21, 23, 26, 27, 39, 41, 42, 53, 54, 56, 57, 62, 65, 66, 67, 72, 74, 79, 80, 129, 141, 142, 144, 145, 147, 153, 154, 155, 156, 158, 159, 161, 162, 170, 177, 186, 188, 189, 191, 192, 193, 194, 195, 196, 197, 198, 201, 209, 210], "summary": {"covered_lines": 58, "num_statements": 101, "percent_covered": 54.7008547008547, "percent_covered_display": "54.70", "missing_lines": 43, "excluded_lines": 0, "percent_statements_covered": 57.42574257425743, "percent_statements_covered_display": "57.43", "num_branches": 16, "num_partial_branches": 4, "covered_branches": 6, "missing_branches": 10, "percent_branches_covered": 37.5, "percent_branches_covered_display": "37.50"}, "missing_lines": [43, 44, 47, 48, 49, 51, 58, 60, 68, 70, 75, 76, 92, 94, 95, 96, 97, 99, 100, 101, 102, 104, 105, 107, 108, 109, 110, 112, 115, 116, 117, 118, 120, 122, 124, 125, 126, 163, 164, 171, 172, 173, 174], "excluded_lines": [], "executed_branches": [[42, 53], [65, 66], [67, 72], [170, -129], [188, 189], [188, 191]], "missing_branches": [[42, 43], [65, -26], [67, 68], [95, 96], [95, 104], [115, -79], [115, 116], [117, 118], [117, 122], [170, 171]], "functions": {"shared_file_lock": {"executed_lines": [39, 41, 42, 53, 54, 56, 57, 62, 65, 66, 67, 72, 74], "summary": {"covered_lines": 13, "num_statements": 25, "percent_covered": 51.61290322580645, "percent_covered_display": "51.61", "missing_lines": 12, "excluded_lines": 0, "percent_statements_covered": 52.0, "percent_statements_covered_display": "52.00", "num_branches": 6, "num_partial_branches": 3, "covered_branches": 3, "missing_branches": 3, "percent_branches_covered": 50.0, "percent_branches_covered_display": "50.00"}, "missing_lines": [43, 44, 47, 48, 49, 51, 58, 60, 68, 70, 75, 76], "excluded_lines": [], "start_line": 27, "executed_branches": [[42, 53], [65, 66], [67, 72]], "missing_branches": [[42, 43], [65, -26], [67, 68]]}, "exclusive_file_lock": {"executed_lines": [], "summary": {"covered_lines": 0, "num_statements": 25, "percent_covered": 0.0, "percent_covered_display": "0.00", "missing_lines": 25, "excluded_lines": 0, "percent_statements_covered": 0.0, "percent_statements_covered_display": "0.00", "num_branches": 6, "num_partial_branches": 0, "covered_branches": 0, "missing_branches": 6, "percent_branches_covered": 0.0, "percent_branches_covered_display": "0.00"}, "missing_lines": [92, 94, 95, 96, 97, 99, 100, 101, 102, 104, 105, 107, 108, 109, 110, 112, 115, 116, 117, 118, 120, 122, 124, 125, 126], "excluded_lines": [], "start_line": 80, "executed_branches": [], "missing_branches": [[95, 96], [95, 104], [115, -79], [115, 116], [117, 118], [117, 122]]}, "atomic_write_text": {"executed_lines": [141, 142, 144, 145, 147, 153, 154, 155, 156, 158, 159, 161, 162, 170], "summary": {"covered_lines": 14, "num_statements": 20, "percent_covered": 68.18181818181819, "percent_covered_display": "68.18", "missing_lines": 6, "excluded_lines": 0, "percent_statements_covered": 70.0, "percent_statements_covered_display": "70.00", "num_branches": 2, "num_partial_branches": 1, "covered_branches": 1, "missing_branches": 1, "percent_branches_covered": 50.0, "percent_branches_covered_display": "50.00"}, "missing_lines": [163, 164, 171, 172, 173, 174], "excluded_lines": [], "start_line": 129, "executed_branches": [[170, -129]], "missing_branches": [[170, 171]]}, "safe_read_json": {"executed_lines": [186, 188, 189, 191, 192, 193, 194, 195, 196, 197, 198], "summary": {"covered_lines": 11, "num_statements": 11, "percent_covered": 100.0, "percent_covered_display": "100.00", "missing_lines": 0, "excluded_lines": 0, "percent_statements_covered": 100.0, "percent_statements_covered_display": "100.00", "num_branches": 2, "num_partial_branches": 0, "covered_branches": 2, "missing_branches": 0, "percent_branches_covered": 100.0, "percent_branches_covered_display": "100.00"}, "missing_lines": [], "excluded_lines": [], "start_line": 177, "executed_branches": [[188, 189], [188, 191]], "missing_branches": []}, "safe_write_json": {"executed_lines": [209, 210], "summary": {"covered_lines": 2, "num_statements": 2, "percent_covered": 100.0, "percent_covered_display": "100.00", "missing_lines": 0, "excluded_lines": 0, "percent_statements_covered": 100.0, "percent_statements_covered_display": "100.00", "num_branches": 0, "num_partial_branches": 0, "covered_branches": 0, "missing_branches": 0, "percent_branches_covered": 100.0, "percent_branches_covered_display": "100.00"}, "missing_lines": [], "excluded_lines": [], "start_line": 201, "executed_branches": [], "missing_branches": []}, "": {"executed_lines": [11, 13, 14, 15, 16, 17, 18, 19, 20, 21, 23, 26, 27, 79, 80, 129, 177, 201], "summary": {"covered_lines": 18, "num_statements": 18, "percent_covered": 100.0, "percent_covered_display": "100.00", "missing_lines": 0, "excluded_lines": 0, "percent_statements_covered": 100.0, "percent_statements_covered_display": "100.00", "num_branches": 0, "num_partial_branches": 0, "covered_branches": 0, "missing_branches": 0, "percent_branches_covered": 100.0, "percent_branches_covered_display": "100.00"}, "missing_lines": [], "excluded_lines": [], "start_line": 1, "executed_branches": [], "missing_branches": []}}, "classes": {"": {"executed_lines": [11, 13, 14, 15, 16, 17, 18, 19, 20, 21, 23, 26, 27, 39, 41, 42, 53, 54, 56, 57, 62, 65, 66, 67, 72, 74, 79, 80, 129, 141, 142, 144, 145, 147, 153, 154, 155, 156, 158, 159, 161, 162, 170, 177, 186, 188, 189, 191, 192, 193, 194, 195, 196, 197, 198, 201, 209, 210], "summary": {"covered_lines": 58, "num_statements": 101, "percent_covered": 54.7008547008547, "percent_covered_display": "54.70", "missing_lines": 43, "excluded_lines": 0, "percent_statements_covered": 57.42574257425743, "percent_statements_covered_display": "57.43", "num_branches": 16, "num_partial_branches": 4, "covered_branches": 6, "missing_branches": 10, "percent_branches_covered": 37.5, "percent_branches_covered_display": "37.50"}, "missing_lines": [43, 44, 47, 48, 49, 51, 58, 60, 68, 70, 75, 76, 92, 94, 95, 96, 97, 99, 100, 101, 102, 104, 105, 107, 108, 109, 110, 112, 115, 116, 117, 118, 120, 122, 124, 125, 126, 163, 164, 171, 172, 173, 174], "excluded_lines": [], "start_line": 1, "executed_branches": [[42, 53], [65, 66], [67, 72], [170, -129], [188, 189], [188, 191]], "missing_branches": [[42, 43], [65, -26], [67, 68], [95, 96], [95, 104], [115, -79], [115, 116], [117, 118], [117, 122], [170, 171]]}}}}, "totals": {"covered_lines": 2561, "num_statements": 4685, "percent_covered": 50.900975367829396, "percent_covered_display": "50.90", "missing_lines": 2124, "excluded_lines": 4, "percent_statements_covered": 54.66382070437567, "percent_statements_covered_display": "54.66", "num_branches": 1364, "num_partial_branches": 122, "covered_branches": 518, "missing_branches": 846, "percent_branches_covered": 37.976539589442815, "percent_branches_covered_display": "37.98"}}